[2025-11-14 00:21:08] local.ERROR: Attempt to read property "site_title" on null {"view":{"view":"/home/mehdiz-duo/Downloads/TripVendor v1.0/project/resources/views/themes/adventra/layouts/error.blade.php","data":[]},"exception":"[object] (Spatie\\LaravelIgnition\\Exceptions\\ViewException(code: 0): Attempt to read property \"site_title\" on null at /home/mehdiz-duo/Downloads/TripVendor v1.0/project/resources/views/themes/adventra/layouts/error.blade.php:6)
[stacktrace]
#0 /home/mehdiz-duo/Downloads/TripVendor v1.0/project/vendor/laravel/framework/src/Illuminate/Filesystem/Filesystem.php(123): require('...')
#1 /home/mehdiz-duo/Downloads/TripVendor v1.0/project/vendor/laravel/framework/src/Illuminate/Filesystem/Filesystem.php(124): Illuminate\\Filesystem\\Filesystem::Illuminate\\Filesystem\\{closure}()
#2 /home/mehdiz-duo/Downloads/TripVendor v1.0/project/vendor/laravel/framework/src/Illuminate/View/Engines/PhpEngine.php(58): Illuminate\\Filesystem\\Filesystem->getRequire()
#3 /home/mehdiz-duo/Downloads/TripVendor v1.0/project/vendor/livewire/livewire/src/Mechanisms/ExtendBlade/ExtendedCompilerEngine.php(22): Illuminate\\View\\Engines\\PhpEngine->evaluatePath()
#4 /home/mehdiz-duo/Downloads/TripVendor v1.0/project/vendor/laravel/framework/src/Illuminate/View/Engines/CompilerEngine.php(75): Livewire\\Mechanisms\\ExtendBlade\\ExtendedCompilerEngine->evaluatePath()
#5 /home/mehdiz-duo/Downloads/TripVendor v1.0/project/vendor/livewire/livewire/src/Mechanisms/ExtendBlade/ExtendedCompilerEngine.php(10): Illuminate\\View\\Engines\\CompilerEngine->get()
#6 /home/mehdiz-duo/Downloads/TripVendor v1.0/project/vendor/laravel/framework/src/Illuminate/View/View.php(209): Livewire\\Mechanisms\\ExtendBlade\\ExtendedCompilerEngine->get()
#7 /home/mehdiz-duo/Downloads/TripVendor v1.0/project/vendor/laravel/framework/src/Illuminate/View/View.php(192): Illuminate\\View\\View->getContents()
#8 /home/mehdiz-duo/Downloads/TripVendor v1.0/project/vendor/laravel/framework/src/Illuminate/View/View.php(161): Illuminate\\View\\View->renderContents()
#9 /home/mehdiz-duo/Downloads/TripVendor v1.0/project/resources/views/instruction-page.blade.php(52): Illuminate\\View\\View->render()
#10 /home/mehdiz-duo/Downloads/TripVendor v1.0/project/vendor/laravel/framework/src/Illuminate/Filesystem/Filesystem.php(123): require('...')
#11 /home/mehdiz-duo/Downloads/TripVendor v1.0/project/vendor/laravel/framework/src/Illuminate/Filesystem/Filesystem.php(124): Illuminate\\Filesystem\\Filesystem::Illuminate\\Filesystem\\{closure}()
#12 /home/mehdiz-duo/Downloads/TripVendor v1.0/project/vendor/laravel/framework/src/Illuminate/View/Engines/PhpEngine.php(58): Illuminate\\Filesystem\\Filesystem->getRequire()
#13 /home/mehdiz-duo/Downloads/TripVendor v1.0/project/vendor/livewire/livewire/src/Mechanisms/ExtendBlade/ExtendedCompilerEngine.php(22): Illuminate\\View\\Engines\\PhpEngine->evaluatePath()
#14 /home/mehdiz-duo/Downloads/TripVendor v1.0/project/vendor/laravel/framework/src/Illuminate/View/Engines/CompilerEngine.php(75): Livewire\\Mechanisms\\ExtendBlade\\ExtendedCompilerEngine->evaluatePath()
#15 /home/mehdiz-duo/Downloads/TripVendor v1.0/project/vendor/livewire/livewire/src/Mechanisms/ExtendBlade/ExtendedCompilerEngine.php(10): Illuminate\\View\\Engines\\CompilerEngine->get()
#16 /home/mehdiz-duo/Downloads/TripVendor v1.0/project/vendor/laravel/framework/src/Illuminate/View/View.php(209): Livewire\\Mechanisms\\ExtendBlade\\ExtendedCompilerEngine->get()
#17 /home/mehdiz-duo/Downloads/TripVendor v1.0/project/vendor/laravel/framework/src/Illuminate/View/View.php(192): Illuminate\\View\\View->getContents()
#18 /home/mehdiz-duo/Downloads/TripVendor v1.0/project/vendor/laravel/framework/src/Illuminate/View/View.php(161): Illuminate\\View\\View->renderContents()
#19 /home/mehdiz-duo/Downloads/TripVendor v1.0/project/vendor/laravel/framework/src/Illuminate/Http/Response.php(79): Illuminate\\View\\View->render()
#20 /home/mehdiz-duo/Downloads/TripVendor v1.0/project/vendor/laravel/framework/src/Illuminate/Http/Response.php(35): Illuminate\\Http\\Response->setContent()
#21 /home/mehdiz-duo/Downloads/TripVendor v1.0/project/vendor/laravel/framework/src/Illuminate/Routing/Router.php(920): Illuminate\\Http\\Response->__construct()
#22 /home/mehdiz-duo/Downloads/TripVendor v1.0/project/vendor/laravel/framework/src/Illuminate/Routing/Router.php(887): Illuminate\\Routing\\Router::toResponse()
#23 /home/mehdiz-duo/Downloads/TripVendor v1.0/project/vendor/laravel/framework/src/Illuminate/Routing/Router.php(807): Illuminate\\Routing\\Router->prepareResponse()
#24 /home/mehdiz-duo/Downloads/TripVendor v1.0/project/vendor/laravel/framework/src/Illuminate/Pipeline/Pipeline.php(170): Illuminate\\Routing\\Router->Illuminate\\Routing\\{closure}()
#25 /home/mehdiz-duo/Downloads/TripVendor v1.0/project/app/Http/Middleware/Preview.php(40): Illuminate\\Pipeline\\Pipeline->Illuminate\\Pipeline\\{closure}()
#26 /home/mehdiz-duo/Downloads/TripVendor v1.0/project/vendor/laravel/framework/src/Illuminate/Pipeline/Pipeline.php(209): App\\Http\\Middleware\\Preview->handle()
#27 /home/mehdiz-duo/Downloads/TripVendor v1.0/project/app/Http/Middleware/ActivityByUser.php(39): Illuminate\\Pipeline\\Pipeline->Illuminate\\Pipeline\\{closure}()
#28 /home/mehdiz-duo/Downloads/TripVendor v1.0/project/vendor/laravel/framework/src/Illuminate/Pipeline/Pipeline.php(209): App\\Http\\Middleware\\ActivityByUser->handle()
#29 /home/mehdiz-duo/Downloads/TripVendor v1.0/project/app/Http/Middleware/Language.php(25): Illuminate\\Pipeline\\Pipeline->Illuminate\\Pipeline\\{closure}()
#30 /home/mehdiz-duo/Downloads/TripVendor v1.0/project/vendor/laravel/framework/src/Illuminate/Pipeline/Pipeline.php(209): App\\Http\\Middleware\\Language->handle()
#31 /home/mehdiz-duo/Downloads/TripVendor v1.0/project/app/Http/Middleware/ValidateRequestData.php(28): Illuminate\\Pipeline\\Pipeline->Illuminate\\Pipeline\\{closure}()
#32 /home/mehdiz-duo/Downloads/TripVendor v1.0/project/vendor/laravel/framework/src/Illuminate/Pipeline/Pipeline.php(209): App\\Http\\Middleware\\ValidateRequestData->handle()
#33 /home/mehdiz-duo/Downloads/TripVendor v1.0/project/vendor/laravel/framework/src/Illuminate/Routing/Middleware/SubstituteBindings.php(51): Illuminate\\Pipeline\\Pipeline->Illuminate\\Pipeline\\{closure}()
#34 /home/mehdiz-duo/Downloads/TripVendor v1.0/project/vendor/laravel/framework/src/Illuminate/Pipeline/Pipeline.php(209): Illuminate\\Routing\\Middleware\\SubstituteBindings->handle()
#35 /home/mehdiz-duo/Downloads/TripVendor v1.0/project/vendor/laravel/framework/src/Illuminate/Foundation/Http/Middleware/VerifyCsrfToken.php(88): Illuminate\\Pipeline\\Pipeline->Illuminate\\Pipeline\\{closure}()
#36 /home/mehdiz-duo/Downloads/TripVendor v1.0/project/vendor/laravel/framework/src/Illuminate/Pipeline/Pipeline.php(209): Illuminate\\Foundation\\Http\\Middleware\\VerifyCsrfToken->handle()
#37 /home/mehdiz-duo/Downloads/TripVendor v1.0/project/vendor/laravel/framework/src/Illuminate/View/Middleware/ShareErrorsFromSession.php(49): Illuminate\\Pipeline\\Pipeline->Illuminate\\Pipeline\\{closure}()
#38 /home/mehdiz-duo/Downloads/TripVendor v1.0/project/vendor/laravel/framework/src/Illuminate/Pipeline/Pipeline.php(209): Illuminate\\View\\Middleware\\ShareErrorsFromSession->handle()
#39 /home/mehdiz-duo/Downloads/TripVendor v1.0/project/vendor/laravel/framework/src/Illuminate/Session/Middleware/StartSession.php(121): Illuminate\\Pipeline\\Pipeline->Illuminate\\Pipeline\\{closure}()
#40 /home/mehdiz-duo/Downloads/TripVendor v1.0/project/vendor/laravel/framework/src/Illuminate/Session/Middleware/StartSession.php(64): Illuminate\\Session\\Middleware\\StartSession->handleStatefulRequest()
#41 /home/mehdiz-duo/Downloads/TripVendor v1.0/project/vendor/laravel/framework/src/Illuminate/Pipeline/Pipeline.php(209): Illuminate\\Session\\Middleware\\StartSession->handle()
#42 /home/mehdiz-duo/Downloads/TripVendor v1.0/project/vendor/laravel/framework/src/Illuminate/Cookie/Middleware/AddQueuedCookiesToResponse.php(37): Illuminate\\Pipeline\\Pipeline->Illuminate\\Pipeline\\{closure}()
#43 /home/mehdiz-duo/Downloads/TripVendor v1.0/project/vendor/laravel/framework/src/Illuminate/Pipeline/Pipeline.php(209): Illuminate\\Cookie\\Middleware\\AddQueuedCookiesToResponse->handle()
#44 /home/mehdiz-duo/Downloads/TripVendor v1.0/project/vendor/laravel/framework/src/Illuminate/Cookie/Middleware/EncryptCookies.php(75): Illuminate\\Pipeline\\Pipeline->Illuminate\\Pipeline\\{closure}()
#45 /home/mehdiz-duo/Downloads/TripVendor v1.0/project/vendor/laravel/framework/src/Illuminate/Pipeline/Pipeline.php(209): Illuminate\\Cookie\\Middleware\\EncryptCookies->handle()
#46 /home/mehdiz-duo/Downloads/TripVendor v1.0/project/vendor/laravel/framework/src/Illuminate/Pipeline/Pipeline.php(127): Illuminate\\Pipeline\\Pipeline->Illuminate\\Pipeline\\{closure}()
#47 /home/mehdiz-duo/Downloads/TripVendor v1.0/project/vendor/laravel/framework/src/Illuminate/Routing/Router.php(807): Illuminate\\Pipeline\\Pipeline->then()
#48 /home/mehdiz-duo/Downloads/TripVendor v1.0/project/vendor/laravel/framework/src/Illuminate/Routing/Router.php(786): Illuminate\\Routing\\Router->runRouteWithinStack()
#49 /home/mehdiz-duo/Downloads/TripVendor v1.0/project/vendor/laravel/framework/src/Illuminate/Routing/Router.php(750): Illuminate\\Routing\\Router->runRoute()
#50 /home/mehdiz-duo/Downloads/TripVendor v1.0/project/vendor/laravel/framework/src/Illuminate/Routing/Router.php(739): Illuminate\\Routing\\Router->dispatchToRoute()
#51 /home/mehdiz-duo/Downloads/TripVendor v1.0/project/vendor/laravel/framework/src/Illuminate/Foundation/Http/Kernel.php(201): Illuminate\\Routing\\Router->dispatch()
#52 /home/mehdiz-duo/Downloads/TripVendor v1.0/project/vendor/laravel/framework/src/Illuminate/Pipeline/Pipeline.php(170): Illuminate\\Foundation\\Http\\Kernel->Illuminate\\Foundation\\Http\\{closure}()
#53 /home/mehdiz-duo/Downloads/TripVendor v1.0/project/vendor/livewire/livewire/src/Features/SupportDisablingBackButtonCache/DisableBackButtonCacheMiddleware.php(19): Illuminate\\Pipeline\\Pipeline->Illuminate\\Pipeline\\{closure}()
#54 /home/mehdiz-duo/Downloads/TripVendor v1.0/project/vendor/laravel/framework/src/Illuminate/Pipeline/Pipeline.php(209): Livewire\\Features\\SupportDisablingBackButtonCache\\DisableBackButtonCacheMiddleware->handle()
#55 /home/mehdiz-duo/Downloads/TripVendor v1.0/project/vendor/laravel/framework/src/Illuminate/Foundation/Http/Middleware/TransformsRequest.php(21): Illuminate\\Pipeline\\Pipeline->Illuminate\\Pipeline\\{closure}()
#56 /home/mehdiz-duo/Downloads/TripVendor v1.0/project/vendor/laravel/framework/src/Illuminate/Foundation/Http/Middleware/ConvertEmptyStringsToNull.php(31): Illuminate\\Foundation\\Http\\Middleware\\TransformsRequest->handle()
#57 /home/mehdiz-duo/Downloads/TripVendor v1.0/project/vendor/laravel/framework/src/Illuminate/Pipeline/Pipeline.php(209): Illuminate\\Foundation\\Http\\Middleware\\ConvertEmptyStringsToNull->handle()
#58 /home/mehdiz-duo/Downloads/TripVendor v1.0/project/vendor/laravel/framework/src/Illuminate/Foundation/Http/Middleware/TransformsRequest.php(21): Illuminate\\Pipeline\\Pipeline->Illuminate\\Pipeline\\{closure}()
#59 /home/mehdiz-duo/Downloads/TripVendor v1.0/project/vendor/laravel/framework/src/Illuminate/Foundation/Http/Middleware/TrimStrings.php(51): Illuminate\\Foundation\\Http\\Middleware\\TransformsRequest->handle()
#60 /home/mehdiz-duo/Downloads/TripVendor v1.0/project/vendor/laravel/framework/src/Illuminate/Pipeline/Pipeline.php(209): Illuminate\\Foundation\\Http\\Middleware\\TrimStrings->handle()
#61 /home/mehdiz-duo/Downloads/TripVendor v1.0/project/vendor/laravel/framework/src/Illuminate/Http/Middleware/ValidatePostSize.php(27): Illuminate\\Pipeline\\Pipeline->Illuminate\\Pipeline\\{closure}()
#62 /home/mehdiz-duo/Downloads/TripVendor v1.0/project/vendor/laravel/framework/src/Illuminate/Pipeline/Pipeline.php(209): Illuminate\\Http\\Middleware\\ValidatePostSize->handle()
#63 /home/mehdiz-duo/Downloads/TripVendor v1.0/project/vendor/laravel/framework/src/Illuminate/Foundation/Http/Middleware/PreventRequestsDuringMaintenance.php(110): Illuminate\\Pipeline\\Pipeline->Illuminate\\Pipeline\\{closure}()
#64 /home/mehdiz-duo/Downloads/TripVendor v1.0/project/vendor/laravel/framework/src/Illuminate/Pipeline/Pipeline.php(209): Illuminate\\Foundation\\Http\\Middleware\\PreventRequestsDuringMaintenance->handle()
#65 /home/mehdiz-duo/Downloads/TripVendor v1.0/project/vendor/laravel/framework/src/Illuminate/Http/Middleware/HandleCors.php(49): Illuminate\\Pipeline\\Pipeline->Illuminate\\Pipeline\\{closure}()
#66 /home/mehdiz-duo/Downloads/TripVendor v1.0/project/vendor/laravel/framework/src/Illuminate/Pipeline/Pipeline.php(209): Illuminate\\Http\\Middleware\\HandleCors->handle()
#67 /home/mehdiz-duo/Downloads/TripVendor v1.0/project/vendor/laravel/framework/src/Illuminate/Http/Middleware/TrustProxies.php(58): Illuminate\\Pipeline\\Pipeline->Illuminate\\Pipeline\\{closure}()
#68 /home/mehdiz-duo/Downloads/TripVendor v1.0/project/vendor/laravel/framework/src/Illuminate/Pipeline/Pipeline.php(209): Illuminate\\Http\\Middleware\\TrustProxies->handle()
#69 /home/mehdiz-duo/Downloads/TripVendor v1.0/project/vendor/laravel/framework/src/Illuminate/Pipeline/Pipeline.php(127): Illuminate\\Pipeline\\Pipeline->Illuminate\\Pipeline\\{closure}()
#70 /home/mehdiz-duo/Downloads/TripVendor v1.0/project/vendor/laravel/framework/src/Illuminate/Foundation/Http/Kernel.php(176): Illuminate\\Pipeline\\Pipeline->then()
#71 /home/mehdiz-duo/Downloads/TripVendor v1.0/project/vendor/laravel/framework/src/Illuminate/Foundation/Http/Kernel.php(145): Illuminate\\Foundation\\Http\\Kernel->sendRequestThroughRouter()
#72 /home/mehdiz-duo/Downloads/TripVendor v1.0/project/public/index.php(51): Illuminate\\Foundation\\Http\\Kernel->handle()
#73 /home/mehdiz-duo/Downloads/TripVendor v1.0/project/vendor/laravel/framework/src/Illuminate/Foundation/resources/server.php(23): require_once('...')
#74 {main}

[previous exception] [object] (ErrorException(code: 0): Attempt to read property \"site_title\" on null at /home/mehdiz-duo/Downloads/TripVendor v1.0/project/storage/framework/views/ef61831702b8381df6fd26a082de3d50.php:6)
[stacktrace]
#0 /home/mehdiz-duo/Downloads/TripVendor v1.0/project/vendor/laravel/framework/src/Illuminate/Foundation/Bootstrap/HandleExceptions.php(258): Illuminate\\Foundation\\Bootstrap\\HandleExceptions->handleError()
#1 /home/mehdiz-duo/Downloads/TripVendor v1.0/project/storage/framework/views/ef61831702b8381df6fd26a082de3d50.php(6): Illuminate\\Foundation\\Bootstrap\\HandleExceptions->Illuminate\\Foundation\\Bootstrap\\{closure}()
#2 /home/mehdiz-duo/Downloads/TripVendor v1.0/project/vendor/laravel/framework/src/Illuminate/Filesystem/Filesystem.php(123): require('...')
#3 /home/mehdiz-duo/Downloads/TripVendor v1.0/project/vendor/laravel/framework/src/Illuminate/Filesystem/Filesystem.php(124): Illuminate\\Filesystem\\Filesystem::Illuminate\\Filesystem\\{closure}()
#4 /home/mehdiz-duo/Downloads/TripVendor v1.0/project/vendor/laravel/framework/src/Illuminate/View/Engines/PhpEngine.php(58): Illuminate\\Filesystem\\Filesystem->getRequire()
#5 /home/mehdiz-duo/Downloads/TripVendor v1.0/project/vendor/livewire/livewire/src/Mechanisms/ExtendBlade/ExtendedCompilerEngine.php(22): Illuminate\\View\\Engines\\PhpEngine->evaluatePath()
#6 /home/mehdiz-duo/Downloads/TripVendor v1.0/project/vendor/laravel/framework/src/Illuminate/View/Engines/CompilerEngine.php(75): Livewire\\Mechanisms\\ExtendBlade\\ExtendedCompilerEngine->evaluatePath()
#7 /home/mehdiz-duo/Downloads/TripVendor v1.0/project/vendor/livewire/livewire/src/Mechanisms/ExtendBlade/ExtendedCompilerEngine.php(10): Illuminate\\View\\Engines\\CompilerEngine->get()
#8 /home/mehdiz-duo/Downloads/TripVendor v1.0/project/vendor/laravel/framework/src/Illuminate/View/View.php(209): Livewire\\Mechanisms\\ExtendBlade\\ExtendedCompilerEngine->get()
#9 /home/mehdiz-duo/Downloads/TripVendor v1.0/project/vendor/laravel/framework/src/Illuminate/View/View.php(192): Illuminate\\View\\View->getContents()
#10 /home/mehdiz-duo/Downloads/TripVendor v1.0/project/vendor/laravel/framework/src/Illuminate/View/View.php(161): Illuminate\\View\\View->renderContents()
#11 /home/mehdiz-duo/Downloads/TripVendor v1.0/project/storage/framework/views/840f2a7f27266175ce91959b7467ac03.php(54): Illuminate\\View\\View->render()
#12 /home/mehdiz-duo/Downloads/TripVendor v1.0/project/vendor/laravel/framework/src/Illuminate/Filesystem/Filesystem.php(123): require('...')
#13 /home/mehdiz-duo/Downloads/TripVendor v1.0/project/vendor/laravel/framework/src/Illuminate/Filesystem/Filesystem.php(124): Illuminate\\Filesystem\\Filesystem::Illuminate\\Filesystem\\{closure}()
#14 /home/mehdiz-duo/Downloads/TripVendor v1.0/project/vendor/laravel/framework/src/Illuminate/View/Engines/PhpEngine.php(58): Illuminate\\Filesystem\\Filesystem->getRequire()
#15 /home/mehdiz-duo/Downloads/TripVendor v1.0/project/vendor/livewire/livewire/src/Mechanisms/ExtendBlade/ExtendedCompilerEngine.php(22): Illuminate\\View\\Engines\\PhpEngine->evaluatePath()
#16 /home/mehdiz-duo/Downloads/TripVendor v1.0/project/vendor/laravel/framework/src/Illuminate/View/Engines/CompilerEngine.php(75): Livewire\\Mechanisms\\ExtendBlade\\ExtendedCompilerEngine->evaluatePath()
#17 /home/mehdiz-duo/Downloads/TripVendor v1.0/project/vendor/livewire/livewire/src/Mechanisms/ExtendBlade/ExtendedCompilerEngine.php(10): Illuminate\\View\\Engines\\CompilerEngine->get()
#18 /home/mehdiz-duo/Downloads/TripVendor v1.0/project/vendor/laravel/framework/src/Illuminate/View/View.php(209): Livewire\\Mechanisms\\ExtendBlade\\ExtendedCompilerEngine->get()
#19 /home/mehdiz-duo/Downloads/TripVendor v1.0/project/vendor/laravel/framework/src/Illuminate/View/View.php(192): Illuminate\\View\\View->getContents()
#20 /home/mehdiz-duo/Downloads/TripVendor v1.0/project/vendor/laravel/framework/src/Illuminate/View/View.php(161): Illuminate\\View\\View->renderContents()
#21 /home/mehdiz-duo/Downloads/TripVendor v1.0/project/vendor/laravel/framework/src/Illuminate/Http/Response.php(79): Illuminate\\View\\View->render()
#22 /home/mehdiz-duo/Downloads/TripVendor v1.0/project/vendor/laravel/framework/src/Illuminate/Http/Response.php(35): Illuminate\\Http\\Response->setContent()
#23 /home/mehdiz-duo/Downloads/TripVendor v1.0/project/vendor/laravel/framework/src/Illuminate/Routing/Router.php(920): Illuminate\\Http\\Response->__construct()
#24 /home/mehdiz-duo/Downloads/TripVendor v1.0/project/vendor/laravel/framework/src/Illuminate/Routing/Router.php(887): Illuminate\\Routing\\Router::toResponse()
#25 /home/mehdiz-duo/Downloads/TripVendor v1.0/project/vendor/laravel/framework/src/Illuminate/Routing/Router.php(807): Illuminate\\Routing\\Router->prepareResponse()
#26 /home/mehdiz-duo/Downloads/TripVendor v1.0/project/vendor/laravel/framework/src/Illuminate/Pipeline/Pipeline.php(170): Illuminate\\Routing\\Router->Illuminate\\Routing\\{closure}()
#27 /home/mehdiz-duo/Downloads/TripVendor v1.0/project/app/Http/Middleware/Preview.php(40): Illuminate\\Pipeline\\Pipeline->Illuminate\\Pipeline\\{closure}()
#28 /home/mehdiz-duo/Downloads/TripVendor v1.0/project/vendor/laravel/framework/src/Illuminate/Pipeline/Pipeline.php(209): App\\Http\\Middleware\\Preview->handle()
#29 /home/mehdiz-duo/Downloads/TripVendor v1.0/project/app/Http/Middleware/ActivityByUser.php(39): Illuminate\\Pipeline\\Pipeline->Illuminate\\Pipeline\\{closure}()
#30 /home/mehdiz-duo/Downloads/TripVendor v1.0/project/vendor/laravel/framework/src/Illuminate/Pipeline/Pipeline.php(209): App\\Http\\Middleware\\ActivityByUser->handle()
#31 /home/mehdiz-duo/Downloads/TripVendor v1.0/project/app/Http/Middleware/Language.php(25): Illuminate\\Pipeline\\Pipeline->Illuminate\\Pipeline\\{closure}()
#32 /home/mehdiz-duo/Downloads/TripVendor v1.0/project/vendor/laravel/framework/src/Illuminate/Pipeline/Pipeline.php(209): App\\Http\\Middleware\\Language->handle()
#33 /home/mehdiz-duo/Downloads/TripVendor v1.0/project/app/Http/Middleware/ValidateRequestData.php(28): Illuminate\\Pipeline\\Pipeline->Illuminate\\Pipeline\\{closure}()
#34 /home/mehdiz-duo/Downloads/TripVendor v1.0/project/vendor/laravel/framework/src/Illuminate/Pipeline/Pipeline.php(209): App\\Http\\Middleware\\ValidateRequestData->handle()
#35 /home/mehdiz-duo/Downloads/TripVendor v1.0/project/vendor/laravel/framework/src/Illuminate/Routing/Middleware/SubstituteBindings.php(51): Illuminate\\Pipeline\\Pipeline->Illuminate\\Pipeline\\{closure}()
#36 /home/mehdiz-duo/Downloads/TripVendor v1.0/project/vendor/laravel/framework/src/Illuminate/Pipeline/Pipeline.php(209): Illuminate\\Routing\\Middleware\\SubstituteBindings->handle()
#37 /home/mehdiz-duo/Downloads/TripVendor v1.0/project/vendor/laravel/framework/src/Illuminate/Foundation/Http/Middleware/VerifyCsrfToken.php(88): Illuminate\\Pipeline\\Pipeline->Illuminate\\Pipeline\\{closure}()
#38 /home/mehdiz-duo/Downloads/TripVendor v1.0/project/vendor/laravel/framework/src/Illuminate/Pipeline/Pipeline.php(209): Illuminate\\Foundation\\Http\\Middleware\\VerifyCsrfToken->handle()
#39 /home/mehdiz-duo/Downloads/TripVendor v1.0/project/vendor/laravel/framework/src/Illuminate/View/Middleware/ShareErrorsFromSession.php(49): Illuminate\\Pipeline\\Pipeline->Illuminate\\Pipeline\\{closure}()
#40 /home/mehdiz-duo/Downloads/TripVendor v1.0/project/vendor/laravel/framework/src/Illuminate/Pipeline/Pipeline.php(209): Illuminate\\View\\Middleware\\ShareErrorsFromSession->handle()
#41 /home/mehdiz-duo/Downloads/TripVendor v1.0/project/vendor/laravel/framework/src/Illuminate/Session/Middleware/StartSession.php(121): Illuminate\\Pipeline\\Pipeline->Illuminate\\Pipeline\\{closure}()
#42 /home/mehdiz-duo/Downloads/TripVendor v1.0/project/vendor/laravel/framework/src/Illuminate/Session/Middleware/StartSession.php(64): Illuminate\\Session\\Middleware\\StartSession->handleStatefulRequest()
#43 /home/mehdiz-duo/Downloads/TripVendor v1.0/project/vendor/laravel/framework/src/Illuminate/Pipeline/Pipeline.php(209): Illuminate\\Session\\Middleware\\StartSession->handle()
#44 /home/mehdiz-duo/Downloads/TripVendor v1.0/project/vendor/laravel/framework/src/Illuminate/Cookie/Middleware/AddQueuedCookiesToResponse.php(37): Illuminate\\Pipeline\\Pipeline->Illuminate\\Pipeline\\{closure}()
#45 /home/mehdiz-duo/Downloads/TripVendor v1.0/project/vendor/laravel/framework/src/Illuminate/Pipeline/Pipeline.php(209): Illuminate\\Cookie\\Middleware\\AddQueuedCookiesToResponse->handle()
#46 /home/mehdiz-duo/Downloads/TripVendor v1.0/project/vendor/laravel/framework/src/Illuminate/Cookie/Middleware/EncryptCookies.php(75): Illuminate\\Pipeline\\Pipeline->Illuminate\\Pipeline\\{closure}()
#47 /home/mehdiz-duo/Downloads/TripVendor v1.0/project/vendor/laravel/framework/src/Illuminate/Pipeline/Pipeline.php(209): Illuminate\\Cookie\\Middleware\\EncryptCookies->handle()
#48 /home/mehdiz-duo/Downloads/TripVendor v1.0/project/vendor/laravel/framework/src/Illuminate/Pipeline/Pipeline.php(127): Illuminate\\Pipeline\\Pipeline->Illuminate\\Pipeline\\{closure}()
#49 /home/mehdiz-duo/Downloads/TripVendor v1.0/project/vendor/laravel/framework/src/Illuminate/Routing/Router.php(807): Illuminate\\Pipeline\\Pipeline->then()
#50 /home/mehdiz-duo/Downloads/TripVendor v1.0/project/vendor/laravel/framework/src/Illuminate/Routing/Router.php(786): Illuminate\\Routing\\Router->runRouteWithinStack()
#51 /home/mehdiz-duo/Downloads/TripVendor v1.0/project/vendor/laravel/framework/src/Illuminate/Routing/Router.php(750): Illuminate\\Routing\\Router->runRoute()
#52 /home/mehdiz-duo/Downloads/TripVendor v1.0/project/vendor/laravel/framework/src/Illuminate/Routing/Router.php(739): Illuminate\\Routing\\Router->dispatchToRoute()
#53 /home/mehdiz-duo/Downloads/TripVendor v1.0/project/vendor/laravel/framework/src/Illuminate/Foundation/Http/Kernel.php(201): Illuminate\\Routing\\Router->dispatch()
#54 /home/mehdiz-duo/Downloads/TripVendor v1.0/project/vendor/laravel/framework/src/Illuminate/Pipeline/Pipeline.php(170): Illuminate\\Foundation\\Http\\Kernel->Illuminate\\Foundation\\Http\\{closure}()
#55 /home/mehdiz-duo/Downloads/TripVendor v1.0/project/vendor/livewire/livewire/src/Features/SupportDisablingBackButtonCache/DisableBackButtonCacheMiddleware.php(19): Illuminate\\Pipeline\\Pipeline->Illuminate\\Pipeline\\{closure}()
#56 /home/mehdiz-duo/Downloads/TripVendor v1.0/project/vendor/laravel/framework/src/Illuminate/Pipeline/Pipeline.php(209): Livewire\\Features\\SupportDisablingBackButtonCache\\DisableBackButtonCacheMiddleware->handle()
#57 /home/mehdiz-duo/Downloads/TripVendor v1.0/project/vendor/laravel/framework/src/Illuminate/Foundation/Http/Middleware/TransformsRequest.php(21): Illuminate\\Pipeline\\Pipeline->Illuminate\\Pipeline\\{closure}()
#58 /home/mehdiz-duo/Downloads/TripVendor v1.0/project/vendor/laravel/framework/src/Illuminate/Foundation/Http/Middleware/ConvertEmptyStringsToNull.php(31): Illuminate\\Foundation\\Http\\Middleware\\TransformsRequest->handle()
#59 /home/mehdiz-duo/Downloads/TripVendor v1.0/project/vendor/laravel/framework/src/Illuminate/Pipeline/Pipeline.php(209): Illuminate\\Foundation\\Http\\Middleware\\ConvertEmptyStringsToNull->handle()
#60 /home/mehdiz-duo/Downloads/TripVendor v1.0/project/vendor/laravel/framework/src/Illuminate/Foundation/Http/Middleware/TransformsRequest.php(21): Illuminate\\Pipeline\\Pipeline->Illuminate\\Pipeline\\{closure}()
#61 /home/mehdiz-duo/Downloads/TripVendor v1.0/project/vendor/laravel/framework/src/Illuminate/Foundation/Http/Middleware/TrimStrings.php(51): Illuminate\\Foundation\\Http\\Middleware\\TransformsRequest->handle()
#62 /home/mehdiz-duo/Downloads/TripVendor v1.0/project/vendor/laravel/framework/src/Illuminate/Pipeline/Pipeline.php(209): Illuminate\\Foundation\\Http\\Middleware\\TrimStrings->handle()
#63 /home/mehdiz-duo/Downloads/TripVendor v1.0/project/vendor/laravel/framework/src/Illuminate/Http/Middleware/ValidatePostSize.php(27): Illuminate\\Pipeline\\Pipeline->Illuminate\\Pipeline\\{closure}()
#64 /home/mehdiz-duo/Downloads/TripVendor v1.0/project/vendor/laravel/framework/src/Illuminate/Pipeline/Pipeline.php(209): Illuminate\\Http\\Middleware\\ValidatePostSize->handle()
#65 /home/mehdiz-duo/Downloads/TripVendor v1.0/project/vendor/laravel/framework/src/Illuminate/Foundation/Http/Middleware/PreventRequestsDuringMaintenance.php(110): Illuminate\\Pipeline\\Pipeline->Illuminate\\Pipeline\\{closure}()
#66 /home/mehdiz-duo/Downloads/TripVendor v1.0/project/vendor/laravel/framework/src/Illuminate/Pipeline/Pipeline.php(209): Illuminate\\Foundation\\Http\\Middleware\\PreventRequestsDuringMaintenance->handle()
#67 /home/mehdiz-duo/Downloads/TripVendor v1.0/project/vendor/laravel/framework/src/Illuminate/Http/Middleware/HandleCors.php(49): Illuminate\\Pipeline\\Pipeline->Illuminate\\Pipeline\\{closure}()
#68 /home/mehdiz-duo/Downloads/TripVendor v1.0/project/vendor/laravel/framework/src/Illuminate/Pipeline/Pipeline.php(209): Illuminate\\Http\\Middleware\\HandleCors->handle()
#69 /home/mehdiz-duo/Downloads/TripVendor v1.0/project/vendor/laravel/framework/src/Illuminate/Http/Middleware/TrustProxies.php(58): Illuminate\\Pipeline\\Pipeline->Illuminate\\Pipeline\\{closure}()
#70 /home/mehdiz-duo/Downloads/TripVendor v1.0/project/vendor/laravel/framework/src/Illuminate/Pipeline/Pipeline.php(209): Illuminate\\Http\\Middleware\\TrustProxies->handle()
#71 /home/mehdiz-duo/Downloads/TripVendor v1.0/project/vendor/laravel/framework/src/Illuminate/Pipeline/Pipeline.php(127): Illuminate\\Pipeline\\Pipeline->Illuminate\\Pipeline\\{closure}()
#72 /home/mehdiz-duo/Downloads/TripVendor v1.0/project/vendor/laravel/framework/src/Illuminate/Foundation/Http/Kernel.php(176): Illuminate\\Pipeline\\Pipeline->then()
#73 /home/mehdiz-duo/Downloads/TripVendor v1.0/project/vendor/laravel/framework/src/Illuminate/Foundation/Http/Kernel.php(145): Illuminate\\Foundation\\Http\\Kernel->sendRequestThroughRouter()
#74 /home/mehdiz-duo/Downloads/TripVendor v1.0/project/public/index.php(51): Illuminate\\Foundation\\Http\\Kernel->handle()
#75 /home/mehdiz-duo/Downloads/TripVendor v1.0/project/vendor/laravel/framework/src/Illuminate/Foundation/resources/server.php(23): require_once('...')
#76 {main}
"} 
[2025-11-14 00:25:43] local.ERROR: SQLSTATE[HY000] [1045] Access denied for user 'root'@'localhost' (using password: NO) (Connection: mysql, SQL: select * from `languages` where `default_status` = 1 limit 1) {"exception":"[object] (Illuminate\\Database\\QueryException(code: 1045): SQLSTATE[HY000] [1045] Access denied for user 'root'@'localhost' (using password: NO) (Connection: mysql, SQL: select * from `languages` where `default_status` = 1 limit 1) at /home/mehdiz-duo/Downloads/TripVendor v1.0/project/vendor/laravel/framework/src/Illuminate/Database/Connection.php:825)
[stacktrace]
#0 /home/mehdiz-duo/Downloads/TripVendor v1.0/project/vendor/laravel/framework/src/Illuminate/Database/Connection.php(779): Illuminate\\Database\\Connection->runQueryCallback()
#1 /home/mehdiz-duo/Downloads/TripVendor v1.0/project/vendor/laravel/framework/src/Illuminate/Database/Connection.php(398): Illuminate\\Database\\Connection->run()
#2 /home/mehdiz-duo/Downloads/TripVendor v1.0/project/vendor/laravel/framework/src/Illuminate/Database/Query/Builder.php(3106): Illuminate\\Database\\Connection->select()
#3 /home/mehdiz-duo/Downloads/TripVendor v1.0/project/vendor/laravel/framework/src/Illuminate/Database/Query/Builder.php(3091): Illuminate\\Database\\Query\\Builder->runSelect()
#4 /home/mehdiz-duo/Downloads/TripVendor v1.0/project/vendor/laravel/framework/src/Illuminate/Database/Query/Builder.php(3676): Illuminate\\Database\\Query\\Builder->Illuminate\\Database\\Query\\{closure}()
#5 /home/mehdiz-duo/Downloads/TripVendor v1.0/project/vendor/laravel/framework/src/Illuminate/Database/Query/Builder.php(3090): Illuminate\\Database\\Query\\Builder->onceWithColumns()
#6 /home/mehdiz-duo/Downloads/TripVendor v1.0/project/vendor/laravel/framework/src/Illuminate/Database/Eloquent/Builder.php(811): Illuminate\\Database\\Query\\Builder->get()
#7 /home/mehdiz-duo/Downloads/TripVendor v1.0/project/vendor/laravel/framework/src/Illuminate/Database/Eloquent/Builder.php(793): Illuminate\\Database\\Eloquent\\Builder->getModels()
#8 /home/mehdiz-duo/Downloads/TripVendor v1.0/project/vendor/laravel/framework/src/Illuminate/Database/Concerns/BuildsQueries.php(343): Illuminate\\Database\\Eloquent\\Builder->get()
#9 /home/mehdiz-duo/Downloads/TripVendor v1.0/project/routes/web.php(70): Illuminate\\Database\\Eloquent\\Builder->first()
#10 /home/mehdiz-duo/Downloads/TripVendor v1.0/project/vendor/laravel/framework/src/Illuminate/Routing/CallableDispatcher.php(40): Illuminate\\Routing\\RouteFileRegistrar->{closure}()
#11 /home/mehdiz-duo/Downloads/TripVendor v1.0/project/vendor/laravel/framework/src/Illuminate/Routing/Route.php(244): Illuminate\\Routing\\CallableDispatcher->dispatch()
#12 /home/mehdiz-duo/Downloads/TripVendor v1.0/project/vendor/laravel/framework/src/Illuminate/Routing/Route.php(215): Illuminate\\Routing\\Route->runCallable()
#13 /home/mehdiz-duo/Downloads/TripVendor v1.0/project/vendor/laravel/framework/src/Illuminate/Routing/Router.php(808): Illuminate\\Routing\\Route->run()
#14 /home/mehdiz-duo/Downloads/TripVendor v1.0/project/vendor/laravel/framework/src/Illuminate/Pipeline/Pipeline.php(170): Illuminate\\Routing\\Router->Illuminate\\Routing\\{closure}()
#15 /home/mehdiz-duo/Downloads/TripVendor v1.0/project/app/Http/Middleware/Preview.php(40): Illuminate\\Pipeline\\Pipeline->Illuminate\\Pipeline\\{closure}()
#16 /home/mehdiz-duo/Downloads/TripVendor v1.0/project/vendor/laravel/framework/src/Illuminate/Pipeline/Pipeline.php(209): App\\Http\\Middleware\\Preview->handle()
#17 /home/mehdiz-duo/Downloads/TripVendor v1.0/project/app/Http/Middleware/ActivityByUser.php(39): Illuminate\\Pipeline\\Pipeline->Illuminate\\Pipeline\\{closure}()
#18 /home/mehdiz-duo/Downloads/TripVendor v1.0/project/vendor/laravel/framework/src/Illuminate/Pipeline/Pipeline.php(209): App\\Http\\Middleware\\ActivityByUser->handle()
#19 /home/mehdiz-duo/Downloads/TripVendor v1.0/project/app/Http/Middleware/Language.php(25): Illuminate\\Pipeline\\Pipeline->Illuminate\\Pipeline\\{closure}()
#20 /home/mehdiz-duo/Downloads/TripVendor v1.0/project/vendor/laravel/framework/src/Illuminate/Pipeline/Pipeline.php(209): App\\Http\\Middleware\\Language->handle()
#21 /home/mehdiz-duo/Downloads/TripVendor v1.0/project/app/Http/Middleware/ValidateRequestData.php(28): Illuminate\\Pipeline\\Pipeline->Illuminate\\Pipeline\\{closure}()
#22 /home/mehdiz-duo/Downloads/TripVendor v1.0/project/vendor/laravel/framework/src/Illuminate/Pipeline/Pipeline.php(209): App\\Http\\Middleware\\ValidateRequestData->handle()
#23 /home/mehdiz-duo/Downloads/TripVendor v1.0/project/vendor/laravel/framework/src/Illuminate/Routing/Middleware/SubstituteBindings.php(51): Illuminate\\Pipeline\\Pipeline->Illuminate\\Pipeline\\{closure}()
#24 /home/mehdiz-duo/Downloads/TripVendor v1.0/project/vendor/laravel/framework/src/Illuminate/Pipeline/Pipeline.php(209): Illuminate\\Routing\\Middleware\\SubstituteBindings->handle()
#25 /home/mehdiz-duo/Downloads/TripVendor v1.0/project/vendor/laravel/framework/src/Illuminate/Foundation/Http/Middleware/VerifyCsrfToken.php(88): Illuminate\\Pipeline\\Pipeline->Illuminate\\Pipeline\\{closure}()
#26 /home/mehdiz-duo/Downloads/TripVendor v1.0/project/vendor/laravel/framework/src/Illuminate/Pipeline/Pipeline.php(209): Illuminate\\Foundation\\Http\\Middleware\\VerifyCsrfToken->handle()
#27 /home/mehdiz-duo/Downloads/TripVendor v1.0/project/vendor/laravel/framework/src/Illuminate/View/Middleware/ShareErrorsFromSession.php(49): Illuminate\\Pipeline\\Pipeline->Illuminate\\Pipeline\\{closure}()
#28 /home/mehdiz-duo/Downloads/TripVendor v1.0/project/vendor/laravel/framework/src/Illuminate/Pipeline/Pipeline.php(209): Illuminate\\View\\Middleware\\ShareErrorsFromSession->handle()
#29 /home/mehdiz-duo/Downloads/TripVendor v1.0/project/vendor/laravel/framework/src/Illuminate/Session/Middleware/StartSession.php(121): Illuminate\\Pipeline\\Pipeline->Illuminate\\Pipeline\\{closure}()
#30 /home/mehdiz-duo/Downloads/TripVendor v1.0/project/vendor/laravel/framework/src/Illuminate/Session/Middleware/StartSession.php(64): Illuminate\\Session\\Middleware\\StartSession->handleStatefulRequest()
#31 /home/mehdiz-duo/Downloads/TripVendor v1.0/project/vendor/laravel/framework/src/Illuminate/Pipeline/Pipeline.php(209): Illuminate\\Session\\Middleware\\StartSession->handle()
#32 /home/mehdiz-duo/Downloads/TripVendor v1.0/project/vendor/laravel/framework/src/Illuminate/Cookie/Middleware/AddQueuedCookiesToResponse.php(37): Illuminate\\Pipeline\\Pipeline->Illuminate\\Pipeline\\{closure}()
#33 /home/mehdiz-duo/Downloads/TripVendor v1.0/project/vendor/laravel/framework/src/Illuminate/Pipeline/Pipeline.php(209): Illuminate\\Cookie\\Middleware\\AddQueuedCookiesToResponse->handle()
#34 /home/mehdiz-duo/Downloads/TripVendor v1.0/project/vendor/laravel/framework/src/Illuminate/Cookie/Middleware/EncryptCookies.php(75): Illuminate\\Pipeline\\Pipeline->Illuminate\\Pipeline\\{closure}()
#35 /home/mehdiz-duo/Downloads/TripVendor v1.0/project/vendor/laravel/framework/src/Illuminate/Pipeline/Pipeline.php(209): Illuminate\\Cookie\\Middleware\\EncryptCookies->handle()
#36 /home/mehdiz-duo/Downloads/TripVendor v1.0/project/vendor/laravel/framework/src/Illuminate/Pipeline/Pipeline.php(127): Illuminate\\Pipeline\\Pipeline->Illuminate\\Pipeline\\{closure}()
#37 /home/mehdiz-duo/Downloads/TripVendor v1.0/project/vendor/laravel/framework/src/Illuminate/Routing/Router.php(807): Illuminate\\Pipeline\\Pipeline->then()
#38 /home/mehdiz-duo/Downloads/TripVendor v1.0/project/vendor/laravel/framework/src/Illuminate/Routing/Router.php(786): Illuminate\\Routing\\Router->runRouteWithinStack()
#39 /home/mehdiz-duo/Downloads/TripVendor v1.0/project/vendor/laravel/framework/src/Illuminate/Routing/Router.php(750): Illuminate\\Routing\\Router->runRoute()
#40 /home/mehdiz-duo/Downloads/TripVendor v1.0/project/vendor/laravel/framework/src/Illuminate/Routing/Router.php(739): Illuminate\\Routing\\Router->dispatchToRoute()
#41 /home/mehdiz-duo/Downloads/TripVendor v1.0/project/vendor/laravel/framework/src/Illuminate/Foundation/Http/Kernel.php(201): Illuminate\\Routing\\Router->dispatch()
#42 /home/mehdiz-duo/Downloads/TripVendor v1.0/project/vendor/laravel/framework/src/Illuminate/Pipeline/Pipeline.php(170): Illuminate\\Foundation\\Http\\Kernel->Illuminate\\Foundation\\Http\\{closure}()
#43 /home/mehdiz-duo/Downloads/TripVendor v1.0/project/vendor/livewire/livewire/src/Features/SupportDisablingBackButtonCache/DisableBackButtonCacheMiddleware.php(19): Illuminate\\Pipeline\\Pipeline->Illuminate\\Pipeline\\{closure}()
#44 /home/mehdiz-duo/Downloads/TripVendor v1.0/project/vendor/laravel/framework/src/Illuminate/Pipeline/Pipeline.php(209): Livewire\\Features\\SupportDisablingBackButtonCache\\DisableBackButtonCacheMiddleware->handle()
#45 /home/mehdiz-duo/Downloads/TripVendor v1.0/project/vendor/laravel/framework/src/Illuminate/Foundation/Http/Middleware/TransformsRequest.php(21): Illuminate\\Pipeline\\Pipeline->Illuminate\\Pipeline\\{closure}()
#46 /home/mehdiz-duo/Downloads/TripVendor v1.0/project/vendor/laravel/framework/src/Illuminate/Foundation/Http/Middleware/ConvertEmptyStringsToNull.php(31): Illuminate\\Foundation\\Http\\Middleware\\TransformsRequest->handle()
#47 /home/mehdiz-duo/Downloads/TripVendor v1.0/project/vendor/laravel/framework/src/Illuminate/Pipeline/Pipeline.php(209): Illuminate\\Foundation\\Http\\Middleware\\ConvertEmptyStringsToNull->handle()
#48 /home/mehdiz-duo/Downloads/TripVendor v1.0/project/vendor/laravel/framework/src/Illuminate/Foundation/Http/Middleware/TransformsRequest.php(21): Illuminate\\Pipeline\\Pipeline->Illuminate\\Pipeline\\{closure}()
#49 /home/mehdiz-duo/Downloads/TripVendor v1.0/project/vendor/laravel/framework/src/Illuminate/Foundation/Http/Middleware/TrimStrings.php(51): Illuminate\\Foundation\\Http\\Middleware\\TransformsRequest->handle()
#50 /home/mehdiz-duo/Downloads/TripVendor v1.0/project/vendor/laravel/framework/src/Illuminate/Pipeline/Pipeline.php(209): Illuminate\\Foundation\\Http\\Middleware\\TrimStrings->handle()
#51 /home/mehdiz-duo/Downloads/TripVendor v1.0/project/vendor/laravel/framework/src/Illuminate/Http/Middleware/ValidatePostSize.php(27): Illuminate\\Pipeline\\Pipeline->Illuminate\\Pipeline\\{closure}()
#52 /home/mehdiz-duo/Downloads/TripVendor v1.0/project/vendor/laravel/framework/src/Illuminate/Pipeline/Pipeline.php(209): Illuminate\\Http\\Middleware\\ValidatePostSize->handle()
#53 /home/mehdiz-duo/Downloads/TripVendor v1.0/project/vendor/laravel/framework/src/Illuminate/Foundation/Http/Middleware/PreventRequestsDuringMaintenance.php(110): Illuminate\\Pipeline\\Pipeline->Illuminate\\Pipeline\\{closure}()
#54 /home/mehdiz-duo/Downloads/TripVendor v1.0/project/vendor/laravel/framework/src/Illuminate/Pipeline/Pipeline.php(209): Illuminate\\Foundation\\Http\\Middleware\\PreventRequestsDuringMaintenance->handle()
#55 /home/mehdiz-duo/Downloads/TripVendor v1.0/project/vendor/laravel/framework/src/Illuminate/Http/Middleware/HandleCors.php(49): Illuminate\\Pipeline\\Pipeline->Illuminate\\Pipeline\\{closure}()
#56 /home/mehdiz-duo/Downloads/TripVendor v1.0/project/vendor/laravel/framework/src/Illuminate/Pipeline/Pipeline.php(209): Illuminate\\Http\\Middleware\\HandleCors->handle()
#57 /home/mehdiz-duo/Downloads/TripVendor v1.0/project/vendor/laravel/framework/src/Illuminate/Http/Middleware/TrustProxies.php(58): Illuminate\\Pipeline\\Pipeline->Illuminate\\Pipeline\\{closure}()
#58 /home/mehdiz-duo/Downloads/TripVendor v1.0/project/vendor/laravel/framework/src/Illuminate/Pipeline/Pipeline.php(209): Illuminate\\Http\\Middleware\\TrustProxies->handle()
#59 /home/mehdiz-duo/Downloads/TripVendor v1.0/project/vendor/laravel/framework/src/Illuminate/Pipeline/Pipeline.php(127): Illuminate\\Pipeline\\Pipeline->Illuminate\\Pipeline\\{closure}()
#60 /home/mehdiz-duo/Downloads/TripVendor v1.0/project/vendor/laravel/framework/src/Illuminate/Foundation/Http/Kernel.php(176): Illuminate\\Pipeline\\Pipeline->then()
#61 /home/mehdiz-duo/Downloads/TripVendor v1.0/project/vendor/laravel/framework/src/Illuminate/Foundation/Http/Kernel.php(145): Illuminate\\Foundation\\Http\\Kernel->sendRequestThroughRouter()
#62 /home/mehdiz-duo/Downloads/TripVendor v1.0/project/public/index.php(51): Illuminate\\Foundation\\Http\\Kernel->handle()
#63 /home/mehdiz-duo/Downloads/TripVendor v1.0/project/vendor/laravel/framework/src/Illuminate/Foundation/resources/server.php(23): require_once('...')
#64 {main}

[previous exception] [object] (PDOException(code: 1045): SQLSTATE[HY000] [1045] Access denied for user 'root'@'localhost' (using password: NO) at /home/mehdiz-duo/Downloads/TripVendor v1.0/project/vendor/laravel/framework/src/Illuminate/Database/Connectors/Connector.php:66)
[stacktrace]
#0 /home/mehdiz-duo/Downloads/TripVendor v1.0/project/vendor/laravel/framework/src/Illuminate/Database/Connectors/Connector.php(66): PDO->__construct()
#1 /home/mehdiz-duo/Downloads/TripVendor v1.0/project/vendor/laravel/framework/src/Illuminate/Database/Connectors/Connector.php(44): Illuminate\\Database\\Connectors\\Connector->createPdoConnection()
#2 /home/mehdiz-duo/Downloads/TripVendor v1.0/project/vendor/laravel/framework/src/Illuminate/Database/Connectors/MySqlConnector.php(24): Illuminate\\Database\\Connectors\\Connector->createConnection()
#3 /home/mehdiz-duo/Downloads/TripVendor v1.0/project/vendor/laravel/framework/src/Illuminate/Database/Connectors/ConnectionFactory.php(185): Illuminate\\Database\\Connectors\\MySqlConnector->connect()
#4 [internal function]: Illuminate\\Database\\Connectors\\ConnectionFactory->Illuminate\\Database\\Connectors\\{closure}()
#5 /home/mehdiz-duo/Downloads/TripVendor v1.0/project/vendor/laravel/framework/src/Illuminate/Database/Connection.php(1231): call_user_func()
#6 /home/mehdiz-duo/Downloads/TripVendor v1.0/project/vendor/laravel/framework/src/Illuminate/Database/Connection.php(1267): Illuminate\\Database\\Connection->getPdo()
#7 /home/mehdiz-duo/Downloads/TripVendor v1.0/project/vendor/laravel/framework/src/Illuminate/Database/Connection.php(512): Illuminate\\Database\\Connection->getReadPdo()
#8 /home/mehdiz-duo/Downloads/TripVendor v1.0/project/vendor/laravel/framework/src/Illuminate/Database/Connection.php(407): Illuminate\\Database\\Connection->getPdoForSelect()
#9 /home/mehdiz-duo/Downloads/TripVendor v1.0/project/vendor/laravel/framework/src/Illuminate/Database/Connection.php(812): Illuminate\\Database\\Connection->Illuminate\\Database\\{closure}()
#10 /home/mehdiz-duo/Downloads/TripVendor v1.0/project/vendor/laravel/framework/src/Illuminate/Database/Connection.php(779): Illuminate\\Database\\Connection->runQueryCallback()
#11 /home/mehdiz-duo/Downloads/TripVendor v1.0/project/vendor/laravel/framework/src/Illuminate/Database/Connection.php(398): Illuminate\\Database\\Connection->run()
#12 /home/mehdiz-duo/Downloads/TripVendor v1.0/project/vendor/laravel/framework/src/Illuminate/Database/Query/Builder.php(3106): Illuminate\\Database\\Connection->select()
#13 /home/mehdiz-duo/Downloads/TripVendor v1.0/project/vendor/laravel/framework/src/Illuminate/Database/Query/Builder.php(3091): Illuminate\\Database\\Query\\Builder->runSelect()
#14 /home/mehdiz-duo/Downloads/TripVendor v1.0/project/vendor/laravel/framework/src/Illuminate/Database/Query/Builder.php(3676): Illuminate\\Database\\Query\\Builder->Illuminate\\Database\\Query\\{closure}()
#15 /home/mehdiz-duo/Downloads/TripVendor v1.0/project/vendor/laravel/framework/src/Illuminate/Database/Query/Builder.php(3090): Illuminate\\Database\\Query\\Builder->onceWithColumns()
#16 /home/mehdiz-duo/Downloads/TripVendor v1.0/project/vendor/laravel/framework/src/Illuminate/Database/Eloquent/Builder.php(811): Illuminate\\Database\\Query\\Builder->get()
#17 /home/mehdiz-duo/Downloads/TripVendor v1.0/project/vendor/laravel/framework/src/Illuminate/Database/Eloquent/Builder.php(793): Illuminate\\Database\\Eloquent\\Builder->getModels()
#18 /home/mehdiz-duo/Downloads/TripVendor v1.0/project/vendor/laravel/framework/src/Illuminate/Database/Concerns/BuildsQueries.php(343): Illuminate\\Database\\Eloquent\\Builder->get()
#19 /home/mehdiz-duo/Downloads/TripVendor v1.0/project/routes/web.php(70): Illuminate\\Database\\Eloquent\\Builder->first()
#20 /home/mehdiz-duo/Downloads/TripVendor v1.0/project/vendor/laravel/framework/src/Illuminate/Routing/CallableDispatcher.php(40): Illuminate\\Routing\\RouteFileRegistrar->{closure}()
#21 /home/mehdiz-duo/Downloads/TripVendor v1.0/project/vendor/laravel/framework/src/Illuminate/Routing/Route.php(244): Illuminate\\Routing\\CallableDispatcher->dispatch()
#22 /home/mehdiz-duo/Downloads/TripVendor v1.0/project/vendor/laravel/framework/src/Illuminate/Routing/Route.php(215): Illuminate\\Routing\\Route->runCallable()
#23 /home/mehdiz-duo/Downloads/TripVendor v1.0/project/vendor/laravel/framework/src/Illuminate/Routing/Router.php(808): Illuminate\\Routing\\Route->run()
#24 /home/mehdiz-duo/Downloads/TripVendor v1.0/project/vendor/laravel/framework/src/Illuminate/Pipeline/Pipeline.php(170): Illuminate\\Routing\\Router->Illuminate\\Routing\\{closure}()
#25 /home/mehdiz-duo/Downloads/TripVendor v1.0/project/app/Http/Middleware/Preview.php(40): Illuminate\\Pipeline\\Pipeline->Illuminate\\Pipeline\\{closure}()
#26 /home/mehdiz-duo/Downloads/TripVendor v1.0/project/vendor/laravel/framework/src/Illuminate/Pipeline/Pipeline.php(209): App\\Http\\Middleware\\Preview->handle()
#27 /home/mehdiz-duo/Downloads/TripVendor v1.0/project/app/Http/Middleware/ActivityByUser.php(39): Illuminate\\Pipeline\\Pipeline->Illuminate\\Pipeline\\{closure}()
#28 /home/mehdiz-duo/Downloads/TripVendor v1.0/project/vendor/laravel/framework/src/Illuminate/Pipeline/Pipeline.php(209): App\\Http\\Middleware\\ActivityByUser->handle()
#29 /home/mehdiz-duo/Downloads/TripVendor v1.0/project/app/Http/Middleware/Language.php(25): Illuminate\\Pipeline\\Pipeline->Illuminate\\Pipeline\\{closure}()
#30 /home/mehdiz-duo/Downloads/TripVendor v1.0/project/vendor/laravel/framework/src/Illuminate/Pipeline/Pipeline.php(209): App\\Http\\Middleware\\Language->handle()
#31 /home/mehdiz-duo/Downloads/TripVendor v1.0/project/app/Http/Middleware/ValidateRequestData.php(28): Illuminate\\Pipeline\\Pipeline->Illuminate\\Pipeline\\{closure}()
#32 /home/mehdiz-duo/Downloads/TripVendor v1.0/project/vendor/laravel/framework/src/Illuminate/Pipeline/Pipeline.php(209): App\\Http\\Middleware\\ValidateRequestData->handle()
#33 /home/mehdiz-duo/Downloads/TripVendor v1.0/project/vendor/laravel/framework/src/Illuminate/Routing/Middleware/SubstituteBindings.php(51): Illuminate\\Pipeline\\Pipeline->Illuminate\\Pipeline\\{closure}()
#34 /home/mehdiz-duo/Downloads/TripVendor v1.0/project/vendor/laravel/framework/src/Illuminate/Pipeline/Pipeline.php(209): Illuminate\\Routing\\Middleware\\SubstituteBindings->handle()
#35 /home/mehdiz-duo/Downloads/TripVendor v1.0/project/vendor/laravel/framework/src/Illuminate/Foundation/Http/Middleware/VerifyCsrfToken.php(88): Illuminate\\Pipeline\\Pipeline->Illuminate\\Pipeline\\{closure}()
#36 /home/mehdiz-duo/Downloads/TripVendor v1.0/project/vendor/laravel/framework/src/Illuminate/Pipeline/Pipeline.php(209): Illuminate\\Foundation\\Http\\Middleware\\VerifyCsrfToken->handle()
#37 /home/mehdiz-duo/Downloads/TripVendor v1.0/project/vendor/laravel/framework/src/Illuminate/View/Middleware/ShareErrorsFromSession.php(49): Illuminate\\Pipeline\\Pipeline->Illuminate\\Pipeline\\{closure}()
#38 /home/mehdiz-duo/Downloads/TripVendor v1.0/project/vendor/laravel/framework/src/Illuminate/Pipeline/Pipeline.php(209): Illuminate\\View\\Middleware\\ShareErrorsFromSession->handle()
#39 /home/mehdiz-duo/Downloads/TripVendor v1.0/project/vendor/laravel/framework/src/Illuminate/Session/Middleware/StartSession.php(121): Illuminate\\Pipeline\\Pipeline->Illuminate\\Pipeline\\{closure}()
#40 /home/mehdiz-duo/Downloads/TripVendor v1.0/project/vendor/laravel/framework/src/Illuminate/Session/Middleware/StartSession.php(64): Illuminate\\Session\\Middleware\\StartSession->handleStatefulRequest()
#41 /home/mehdiz-duo/Downloads/TripVendor v1.0/project/vendor/laravel/framework/src/Illuminate/Pipeline/Pipeline.php(209): Illuminate\\Session\\Middleware\\StartSession->handle()
#42 /home/mehdiz-duo/Downloads/TripVendor v1.0/project/vendor/laravel/framework/src/Illuminate/Cookie/Middleware/AddQueuedCookiesToResponse.php(37): Illuminate\\Pipeline\\Pipeline->Illuminate\\Pipeline\\{closure}()
#43 /home/mehdiz-duo/Downloads/TripVendor v1.0/project/vendor/laravel/framework/src/Illuminate/Pipeline/Pipeline.php(209): Illuminate\\Cookie\\Middleware\\AddQueuedCookiesToResponse->handle()
#44 /home/mehdiz-duo/Downloads/TripVendor v1.0/project/vendor/laravel/framework/src/Illuminate/Cookie/Middleware/EncryptCookies.php(75): Illuminate\\Pipeline\\Pipeline->Illuminate\\Pipeline\\{closure}()
#45 /home/mehdiz-duo/Downloads/TripVendor v1.0/project/vendor/laravel/framework/src/Illuminate/Pipeline/Pipeline.php(209): Illuminate\\Cookie\\Middleware\\EncryptCookies->handle()
#46 /home/mehdiz-duo/Downloads/TripVendor v1.0/project/vendor/laravel/framework/src/Illuminate/Pipeline/Pipeline.php(127): Illuminate\\Pipeline\\Pipeline->Illuminate\\Pipeline\\{closure}()
#47 /home/mehdiz-duo/Downloads/TripVendor v1.0/project/vendor/laravel/framework/src/Illuminate/Routing/Router.php(807): Illuminate\\Pipeline\\Pipeline->then()
#48 /home/mehdiz-duo/Downloads/TripVendor v1.0/project/vendor/laravel/framework/src/Illuminate/Routing/Router.php(786): Illuminate\\Routing\\Router->runRouteWithinStack()
#49 /home/mehdiz-duo/Downloads/TripVendor v1.0/project/vendor/laravel/framework/src/Illuminate/Routing/Router.php(750): Illuminate\\Routing\\Router->runRoute()
#50 /home/mehdiz-duo/Downloads/TripVendor v1.0/project/vendor/laravel/framework/src/Illuminate/Routing/Router.php(739): Illuminate\\Routing\\Router->dispatchToRoute()
#51 /home/mehdiz-duo/Downloads/TripVendor v1.0/project/vendor/laravel/framework/src/Illuminate/Foundation/Http/Kernel.php(201): Illuminate\\Routing\\Router->dispatch()
#52 /home/mehdiz-duo/Downloads/TripVendor v1.0/project/vendor/laravel/framework/src/Illuminate/Pipeline/Pipeline.php(170): Illuminate\\Foundation\\Http\\Kernel->Illuminate\\Foundation\\Http\\{closure}()
#53 /home/mehdiz-duo/Downloads/TripVendor v1.0/project/vendor/livewire/livewire/src/Features/SupportDisablingBackButtonCache/DisableBackButtonCacheMiddleware.php(19): Illuminate\\Pipeline\\Pipeline->Illuminate\\Pipeline\\{closure}()
#54 /home/mehdiz-duo/Downloads/TripVendor v1.0/project/vendor/laravel/framework/src/Illuminate/Pipeline/Pipeline.php(209): Livewire\\Features\\SupportDisablingBackButtonCache\\DisableBackButtonCacheMiddleware->handle()
#55 /home/mehdiz-duo/Downloads/TripVendor v1.0/project/vendor/laravel/framework/src/Illuminate/Foundation/Http/Middleware/TransformsRequest.php(21): Illuminate\\Pipeline\\Pipeline->Illuminate\\Pipeline\\{closure}()
#56 /home/mehdiz-duo/Downloads/TripVendor v1.0/project/vendor/laravel/framework/src/Illuminate/Foundation/Http/Middleware/ConvertEmptyStringsToNull.php(31): Illuminate\\Foundation\\Http\\Middleware\\TransformsRequest->handle()
#57 /home/mehdiz-duo/Downloads/TripVendor v1.0/project/vendor/laravel/framework/src/Illuminate/Pipeline/Pipeline.php(209): Illuminate\\Foundation\\Http\\Middleware\\ConvertEmptyStringsToNull->handle()
#58 /home/mehdiz-duo/Downloads/TripVendor v1.0/project/vendor/laravel/framework/src/Illuminate/Foundation/Http/Middleware/TransformsRequest.php(21): Illuminate\\Pipeline\\Pipeline->Illuminate\\Pipeline\\{closure}()
#59 /home/mehdiz-duo/Downloads/TripVendor v1.0/project/vendor/laravel/framework/src/Illuminate/Foundation/Http/Middleware/TrimStrings.php(51): Illuminate\\Foundation\\Http\\Middleware\\TransformsRequest->handle()
#60 /home/mehdiz-duo/Downloads/TripVendor v1.0/project/vendor/laravel/framework/src/Illuminate/Pipeline/Pipeline.php(209): Illuminate\\Foundation\\Http\\Middleware\\TrimStrings->handle()
#61 /home/mehdiz-duo/Downloads/TripVendor v1.0/project/vendor/laravel/framework/src/Illuminate/Http/Middleware/ValidatePostSize.php(27): Illuminate\\Pipeline\\Pipeline->Illuminate\\Pipeline\\{closure}()
#62 /home/mehdiz-duo/Downloads/TripVendor v1.0/project/vendor/laravel/framework/src/Illuminate/Pipeline/Pipeline.php(209): Illuminate\\Http\\Middleware\\ValidatePostSize->handle()
#63 /home/mehdiz-duo/Downloads/TripVendor v1.0/project/vendor/laravel/framework/src/Illuminate/Foundation/Http/Middleware/PreventRequestsDuringMaintenance.php(110): Illuminate\\Pipeline\\Pipeline->Illuminate\\Pipeline\\{closure}()
#64 /home/mehdiz-duo/Downloads/TripVendor v1.0/project/vendor/laravel/framework/src/Illuminate/Pipeline/Pipeline.php(209): Illuminate\\Foundation\\Http\\Middleware\\PreventRequestsDuringMaintenance->handle()
#65 /home/mehdiz-duo/Downloads/TripVendor v1.0/project/vendor/laravel/framework/src/Illuminate/Http/Middleware/HandleCors.php(49): Illuminate\\Pipeline\\Pipeline->Illuminate\\Pipeline\\{closure}()
#66 /home/mehdiz-duo/Downloads/TripVendor v1.0/project/vendor/laravel/framework/src/Illuminate/Pipeline/Pipeline.php(209): Illuminate\\Http\\Middleware\\HandleCors->handle()
#67 /home/mehdiz-duo/Downloads/TripVendor v1.0/project/vendor/laravel/framework/src/Illuminate/Http/Middleware/TrustProxies.php(58): Illuminate\\Pipeline\\Pipeline->Illuminate\\Pipeline\\{closure}()
#68 /home/mehdiz-duo/Downloads/TripVendor v1.0/project/vendor/laravel/framework/src/Illuminate/Pipeline/Pipeline.php(209): Illuminate\\Http\\Middleware\\TrustProxies->handle()
#69 /home/mehdiz-duo/Downloads/TripVendor v1.0/project/vendor/laravel/framework/src/Illuminate/Pipeline/Pipeline.php(127): Illuminate\\Pipeline\\Pipeline->Illuminate\\Pipeline\\{closure}()
#70 /home/mehdiz-duo/Downloads/TripVendor v1.0/project/vendor/laravel/framework/src/Illuminate/Foundation/Http/Kernel.php(176): Illuminate\\Pipeline\\Pipeline->then()
#71 /home/mehdiz-duo/Downloads/TripVendor v1.0/project/vendor/laravel/framework/src/Illuminate/Foundation/Http/Kernel.php(145): Illuminate\\Foundation\\Http\\Kernel->sendRequestThroughRouter()
#72 /home/mehdiz-duo/Downloads/TripVendor v1.0/project/public/index.php(51): Illuminate\\Foundation\\Http\\Kernel->handle()
#73 /home/mehdiz-duo/Downloads/TripVendor v1.0/project/vendor/laravel/framework/src/Illuminate/Foundation/resources/server.php(23): require_once('...')
#74 {main}
"} 
[2025-11-14 00:27:23] local.ERROR: SQLSTATE[HY000] [1049] Unknown database 'trip_vendor' (Connection: mysql, SQL: select * from `languages` where `default_status` = 1 limit 1) {"exception":"[object] (Illuminate\\Database\\QueryException(code: 1049): SQLSTATE[HY000] [1049] Unknown database 'trip_vendor' (Connection: mysql, SQL: select * from `languages` where `default_status` = 1 limit 1) at /home/mehdiz-duo/Downloads/TripVendor v1.0/project/vendor/laravel/framework/src/Illuminate/Database/Connection.php:825)
[stacktrace]
#0 /home/mehdiz-duo/Downloads/TripVendor v1.0/project/vendor/laravel/framework/src/Illuminate/Database/Connection.php(779): Illuminate\\Database\\Connection->runQueryCallback()
#1 /home/mehdiz-duo/Downloads/TripVendor v1.0/project/vendor/laravel/framework/src/Illuminate/Database/Connection.php(398): Illuminate\\Database\\Connection->run()
#2 /home/mehdiz-duo/Downloads/TripVendor v1.0/project/vendor/laravel/framework/src/Illuminate/Database/Query/Builder.php(3106): Illuminate\\Database\\Connection->select()
#3 /home/mehdiz-duo/Downloads/TripVendor v1.0/project/vendor/laravel/framework/src/Illuminate/Database/Query/Builder.php(3091): Illuminate\\Database\\Query\\Builder->runSelect()
#4 /home/mehdiz-duo/Downloads/TripVendor v1.0/project/vendor/laravel/framework/src/Illuminate/Database/Query/Builder.php(3676): Illuminate\\Database\\Query\\Builder->Illuminate\\Database\\Query\\{closure}()
#5 /home/mehdiz-duo/Downloads/TripVendor v1.0/project/vendor/laravel/framework/src/Illuminate/Database/Query/Builder.php(3090): Illuminate\\Database\\Query\\Builder->onceWithColumns()
#6 /home/mehdiz-duo/Downloads/TripVendor v1.0/project/vendor/laravel/framework/src/Illuminate/Database/Eloquent/Builder.php(811): Illuminate\\Database\\Query\\Builder->get()
#7 /home/mehdiz-duo/Downloads/TripVendor v1.0/project/vendor/laravel/framework/src/Illuminate/Database/Eloquent/Builder.php(793): Illuminate\\Database\\Eloquent\\Builder->getModels()
#8 /home/mehdiz-duo/Downloads/TripVendor v1.0/project/vendor/laravel/framework/src/Illuminate/Database/Concerns/BuildsQueries.php(343): Illuminate\\Database\\Eloquent\\Builder->get()
#9 /home/mehdiz-duo/Downloads/TripVendor v1.0/project/routes/web.php(70): Illuminate\\Database\\Eloquent\\Builder->first()
#10 /home/mehdiz-duo/Downloads/TripVendor v1.0/project/vendor/laravel/framework/src/Illuminate/Routing/CallableDispatcher.php(40): Illuminate\\Routing\\RouteFileRegistrar->{closure}()
#11 /home/mehdiz-duo/Downloads/TripVendor v1.0/project/vendor/laravel/framework/src/Illuminate/Routing/Route.php(244): Illuminate\\Routing\\CallableDispatcher->dispatch()
#12 /home/mehdiz-duo/Downloads/TripVendor v1.0/project/vendor/laravel/framework/src/Illuminate/Routing/Route.php(215): Illuminate\\Routing\\Route->runCallable()
#13 /home/mehdiz-duo/Downloads/TripVendor v1.0/project/vendor/laravel/framework/src/Illuminate/Routing/Router.php(808): Illuminate\\Routing\\Route->run()
#14 /home/mehdiz-duo/Downloads/TripVendor v1.0/project/vendor/laravel/framework/src/Illuminate/Pipeline/Pipeline.php(170): Illuminate\\Routing\\Router->Illuminate\\Routing\\{closure}()
#15 /home/mehdiz-duo/Downloads/TripVendor v1.0/project/app/Http/Middleware/Preview.php(40): Illuminate\\Pipeline\\Pipeline->Illuminate\\Pipeline\\{closure}()
#16 /home/mehdiz-duo/Downloads/TripVendor v1.0/project/vendor/laravel/framework/src/Illuminate/Pipeline/Pipeline.php(209): App\\Http\\Middleware\\Preview->handle()
#17 /home/mehdiz-duo/Downloads/TripVendor v1.0/project/app/Http/Middleware/ActivityByUser.php(39): Illuminate\\Pipeline\\Pipeline->Illuminate\\Pipeline\\{closure}()
#18 /home/mehdiz-duo/Downloads/TripVendor v1.0/project/vendor/laravel/framework/src/Illuminate/Pipeline/Pipeline.php(209): App\\Http\\Middleware\\ActivityByUser->handle()
#19 /home/mehdiz-duo/Downloads/TripVendor v1.0/project/app/Http/Middleware/Language.php(25): Illuminate\\Pipeline\\Pipeline->Illuminate\\Pipeline\\{closure}()
#20 /home/mehdiz-duo/Downloads/TripVendor v1.0/project/vendor/laravel/framework/src/Illuminate/Pipeline/Pipeline.php(209): App\\Http\\Middleware\\Language->handle()
#21 /home/mehdiz-duo/Downloads/TripVendor v1.0/project/app/Http/Middleware/ValidateRequestData.php(28): Illuminate\\Pipeline\\Pipeline->Illuminate\\Pipeline\\{closure}()
#22 /home/mehdiz-duo/Downloads/TripVendor v1.0/project/vendor/laravel/framework/src/Illuminate/Pipeline/Pipeline.php(209): App\\Http\\Middleware\\ValidateRequestData->handle()
#23 /home/mehdiz-duo/Downloads/TripVendor v1.0/project/vendor/laravel/framework/src/Illuminate/Routing/Middleware/SubstituteBindings.php(51): Illuminate\\Pipeline\\Pipeline->Illuminate\\Pipeline\\{closure}()
#24 /home/mehdiz-duo/Downloads/TripVendor v1.0/project/vendor/laravel/framework/src/Illuminate/Pipeline/Pipeline.php(209): Illuminate\\Routing\\Middleware\\SubstituteBindings->handle()
#25 /home/mehdiz-duo/Downloads/TripVendor v1.0/project/vendor/laravel/framework/src/Illuminate/Foundation/Http/Middleware/VerifyCsrfToken.php(88): Illuminate\\Pipeline\\Pipeline->Illuminate\\Pipeline\\{closure}()
#26 /home/mehdiz-duo/Downloads/TripVendor v1.0/project/vendor/laravel/framework/src/Illuminate/Pipeline/Pipeline.php(209): Illuminate\\Foundation\\Http\\Middleware\\VerifyCsrfToken->handle()
#27 /home/mehdiz-duo/Downloads/TripVendor v1.0/project/vendor/laravel/framework/src/Illuminate/View/Middleware/ShareErrorsFromSession.php(49): Illuminate\\Pipeline\\Pipeline->Illuminate\\Pipeline\\{closure}()
#28 /home/mehdiz-duo/Downloads/TripVendor v1.0/project/vendor/laravel/framework/src/Illuminate/Pipeline/Pipeline.php(209): Illuminate\\View\\Middleware\\ShareErrorsFromSession->handle()
#29 /home/mehdiz-duo/Downloads/TripVendor v1.0/project/vendor/laravel/framework/src/Illuminate/Session/Middleware/StartSession.php(121): Illuminate\\Pipeline\\Pipeline->Illuminate\\Pipeline\\{closure}()
#30 /home/mehdiz-duo/Downloads/TripVendor v1.0/project/vendor/laravel/framework/src/Illuminate/Session/Middleware/StartSession.php(64): Illuminate\\Session\\Middleware\\StartSession->handleStatefulRequest()
#31 /home/mehdiz-duo/Downloads/TripVendor v1.0/project/vendor/laravel/framework/src/Illuminate/Pipeline/Pipeline.php(209): Illuminate\\Session\\Middleware\\StartSession->handle()
#32 /home/mehdiz-duo/Downloads/TripVendor v1.0/project/vendor/laravel/framework/src/Illuminate/Cookie/Middleware/AddQueuedCookiesToResponse.php(37): Illuminate\\Pipeline\\Pipeline->Illuminate\\Pipeline\\{closure}()
#33 /home/mehdiz-duo/Downloads/TripVendor v1.0/project/vendor/laravel/framework/src/Illuminate/Pipeline/Pipeline.php(209): Illuminate\\Cookie\\Middleware\\AddQueuedCookiesToResponse->handle()
#34 /home/mehdiz-duo/Downloads/TripVendor v1.0/project/vendor/laravel/framework/src/Illuminate/Cookie/Middleware/EncryptCookies.php(75): Illuminate\\Pipeline\\Pipeline->Illuminate\\Pipeline\\{closure}()
#35 /home/mehdiz-duo/Downloads/TripVendor v1.0/project/vendor/laravel/framework/src/Illuminate/Pipeline/Pipeline.php(209): Illuminate\\Cookie\\Middleware\\EncryptCookies->handle()
#36 /home/mehdiz-duo/Downloads/TripVendor v1.0/project/vendor/laravel/framework/src/Illuminate/Pipeline/Pipeline.php(127): Illuminate\\Pipeline\\Pipeline->Illuminate\\Pipeline\\{closure}()
#37 /home/mehdiz-duo/Downloads/TripVendor v1.0/project/vendor/laravel/framework/src/Illuminate/Routing/Router.php(807): Illuminate\\Pipeline\\Pipeline->then()
#38 /home/mehdiz-duo/Downloads/TripVendor v1.0/project/vendor/laravel/framework/src/Illuminate/Routing/Router.php(786): Illuminate\\Routing\\Router->runRouteWithinStack()
#39 /home/mehdiz-duo/Downloads/TripVendor v1.0/project/vendor/laravel/framework/src/Illuminate/Routing/Router.php(750): Illuminate\\Routing\\Router->runRoute()
#40 /home/mehdiz-duo/Downloads/TripVendor v1.0/project/vendor/laravel/framework/src/Illuminate/Routing/Router.php(739): Illuminate\\Routing\\Router->dispatchToRoute()
#41 /home/mehdiz-duo/Downloads/TripVendor v1.0/project/vendor/laravel/framework/src/Illuminate/Foundation/Http/Kernel.php(201): Illuminate\\Routing\\Router->dispatch()
#42 /home/mehdiz-duo/Downloads/TripVendor v1.0/project/vendor/laravel/framework/src/Illuminate/Pipeline/Pipeline.php(170): Illuminate\\Foundation\\Http\\Kernel->Illuminate\\Foundation\\Http\\{closure}()
#43 /home/mehdiz-duo/Downloads/TripVendor v1.0/project/vendor/livewire/livewire/src/Features/SupportDisablingBackButtonCache/DisableBackButtonCacheMiddleware.php(19): Illuminate\\Pipeline\\Pipeline->Illuminate\\Pipeline\\{closure}()
#44 /home/mehdiz-duo/Downloads/TripVendor v1.0/project/vendor/laravel/framework/src/Illuminate/Pipeline/Pipeline.php(209): Livewire\\Features\\SupportDisablingBackButtonCache\\DisableBackButtonCacheMiddleware->handle()
#45 /home/mehdiz-duo/Downloads/TripVendor v1.0/project/vendor/laravel/framework/src/Illuminate/Foundation/Http/Middleware/TransformsRequest.php(21): Illuminate\\Pipeline\\Pipeline->Illuminate\\Pipeline\\{closure}()
#46 /home/mehdiz-duo/Downloads/TripVendor v1.0/project/vendor/laravel/framework/src/Illuminate/Foundation/Http/Middleware/ConvertEmptyStringsToNull.php(31): Illuminate\\Foundation\\Http\\Middleware\\TransformsRequest->handle()
#47 /home/mehdiz-duo/Downloads/TripVendor v1.0/project/vendor/laravel/framework/src/Illuminate/Pipeline/Pipeline.php(209): Illuminate\\Foundation\\Http\\Middleware\\ConvertEmptyStringsToNull->handle()
#48 /home/mehdiz-duo/Downloads/TripVendor v1.0/project/vendor/laravel/framework/src/Illuminate/Foundation/Http/Middleware/TransformsRequest.php(21): Illuminate\\Pipeline\\Pipeline->Illuminate\\Pipeline\\{closure}()
#49 /home/mehdiz-duo/Downloads/TripVendor v1.0/project/vendor/laravel/framework/src/Illuminate/Foundation/Http/Middleware/TrimStrings.php(51): Illuminate\\Foundation\\Http\\Middleware\\TransformsRequest->handle()
#50 /home/mehdiz-duo/Downloads/TripVendor v1.0/project/vendor/laravel/framework/src/Illuminate/Pipeline/Pipeline.php(209): Illuminate\\Foundation\\Http\\Middleware\\TrimStrings->handle()
#51 /home/mehdiz-duo/Downloads/TripVendor v1.0/project/vendor/laravel/framework/src/Illuminate/Http/Middleware/ValidatePostSize.php(27): Illuminate\\Pipeline\\Pipeline->Illuminate\\Pipeline\\{closure}()
#52 /home/mehdiz-duo/Downloads/TripVendor v1.0/project/vendor/laravel/framework/src/Illuminate/Pipeline/Pipeline.php(209): Illuminate\\Http\\Middleware\\ValidatePostSize->handle()
#53 /home/mehdiz-duo/Downloads/TripVendor v1.0/project/vendor/laravel/framework/src/Illuminate/Foundation/Http/Middleware/PreventRequestsDuringMaintenance.php(110): Illuminate\\Pipeline\\Pipeline->Illuminate\\Pipeline\\{closure}()
#54 /home/mehdiz-duo/Downloads/TripVendor v1.0/project/vendor/laravel/framework/src/Illuminate/Pipeline/Pipeline.php(209): Illuminate\\Foundation\\Http\\Middleware\\PreventRequestsDuringMaintenance->handle()
#55 /home/mehdiz-duo/Downloads/TripVendor v1.0/project/vendor/laravel/framework/src/Illuminate/Http/Middleware/HandleCors.php(49): Illuminate\\Pipeline\\Pipeline->Illuminate\\Pipeline\\{closure}()
#56 /home/mehdiz-duo/Downloads/TripVendor v1.0/project/vendor/laravel/framework/src/Illuminate/Pipeline/Pipeline.php(209): Illuminate\\Http\\Middleware\\HandleCors->handle()
#57 /home/mehdiz-duo/Downloads/TripVendor v1.0/project/vendor/laravel/framework/src/Illuminate/Http/Middleware/TrustProxies.php(58): Illuminate\\Pipeline\\Pipeline->Illuminate\\Pipeline\\{closure}()
#58 /home/mehdiz-duo/Downloads/TripVendor v1.0/project/vendor/laravel/framework/src/Illuminate/Pipeline/Pipeline.php(209): Illuminate\\Http\\Middleware\\TrustProxies->handle()
#59 /home/mehdiz-duo/Downloads/TripVendor v1.0/project/vendor/laravel/framework/src/Illuminate/Pipeline/Pipeline.php(127): Illuminate\\Pipeline\\Pipeline->Illuminate\\Pipeline\\{closure}()
#60 /home/mehdiz-duo/Downloads/TripVendor v1.0/project/vendor/laravel/framework/src/Illuminate/Foundation/Http/Kernel.php(176): Illuminate\\Pipeline\\Pipeline->then()
#61 /home/mehdiz-duo/Downloads/TripVendor v1.0/project/vendor/laravel/framework/src/Illuminate/Foundation/Http/Kernel.php(145): Illuminate\\Foundation\\Http\\Kernel->sendRequestThroughRouter()
#62 /home/mehdiz-duo/Downloads/TripVendor v1.0/project/public/index.php(51): Illuminate\\Foundation\\Http\\Kernel->handle()
#63 /home/mehdiz-duo/Downloads/TripVendor v1.0/project/vendor/laravel/framework/src/Illuminate/Foundation/resources/server.php(23): require_once('...')
#64 {main}

[previous exception] [object] (PDOException(code: 1049): SQLSTATE[HY000] [1049] Unknown database 'trip_vendor' at /home/mehdiz-duo/Downloads/TripVendor v1.0/project/vendor/laravel/framework/src/Illuminate/Database/Connectors/Connector.php:66)
[stacktrace]
#0 /home/mehdiz-duo/Downloads/TripVendor v1.0/project/vendor/laravel/framework/src/Illuminate/Database/Connectors/Connector.php(66): PDO->__construct()
#1 /home/mehdiz-duo/Downloads/TripVendor v1.0/project/vendor/laravel/framework/src/Illuminate/Database/Connectors/Connector.php(44): Illuminate\\Database\\Connectors\\Connector->createPdoConnection()
#2 /home/mehdiz-duo/Downloads/TripVendor v1.0/project/vendor/laravel/framework/src/Illuminate/Database/Connectors/MySqlConnector.php(24): Illuminate\\Database\\Connectors\\Connector->createConnection()
#3 /home/mehdiz-duo/Downloads/TripVendor v1.0/project/vendor/laravel/framework/src/Illuminate/Database/Connectors/ConnectionFactory.php(185): Illuminate\\Database\\Connectors\\MySqlConnector->connect()
#4 [internal function]: Illuminate\\Database\\Connectors\\ConnectionFactory->Illuminate\\Database\\Connectors\\{closure}()
#5 /home/mehdiz-duo/Downloads/TripVendor v1.0/project/vendor/laravel/framework/src/Illuminate/Database/Connection.php(1231): call_user_func()
#6 /home/mehdiz-duo/Downloads/TripVendor v1.0/project/vendor/laravel/framework/src/Illuminate/Database/Connection.php(1267): Illuminate\\Database\\Connection->getPdo()
#7 /home/mehdiz-duo/Downloads/TripVendor v1.0/project/vendor/laravel/framework/src/Illuminate/Database/Connection.php(512): Illuminate\\Database\\Connection->getReadPdo()
#8 /home/mehdiz-duo/Downloads/TripVendor v1.0/project/vendor/laravel/framework/src/Illuminate/Database/Connection.php(407): Illuminate\\Database\\Connection->getPdoForSelect()
#9 /home/mehdiz-duo/Downloads/TripVendor v1.0/project/vendor/laravel/framework/src/Illuminate/Database/Connection.php(812): Illuminate\\Database\\Connection->Illuminate\\Database\\{closure}()
#10 /home/mehdiz-duo/Downloads/TripVendor v1.0/project/vendor/laravel/framework/src/Illuminate/Database/Connection.php(779): Illuminate\\Database\\Connection->runQueryCallback()
#11 /home/mehdiz-duo/Downloads/TripVendor v1.0/project/vendor/laravel/framework/src/Illuminate/Database/Connection.php(398): Illuminate\\Database\\Connection->run()
#12 /home/mehdiz-duo/Downloads/TripVendor v1.0/project/vendor/laravel/framework/src/Illuminate/Database/Query/Builder.php(3106): Illuminate\\Database\\Connection->select()
#13 /home/mehdiz-duo/Downloads/TripVendor v1.0/project/vendor/laravel/framework/src/Illuminate/Database/Query/Builder.php(3091): Illuminate\\Database\\Query\\Builder->runSelect()
#14 /home/mehdiz-duo/Downloads/TripVendor v1.0/project/vendor/laravel/framework/src/Illuminate/Database/Query/Builder.php(3676): Illuminate\\Database\\Query\\Builder->Illuminate\\Database\\Query\\{closure}()
#15 /home/mehdiz-duo/Downloads/TripVendor v1.0/project/vendor/laravel/framework/src/Illuminate/Database/Query/Builder.php(3090): Illuminate\\Database\\Query\\Builder->onceWithColumns()
#16 /home/mehdiz-duo/Downloads/TripVendor v1.0/project/vendor/laravel/framework/src/Illuminate/Database/Eloquent/Builder.php(811): Illuminate\\Database\\Query\\Builder->get()
#17 /home/mehdiz-duo/Downloads/TripVendor v1.0/project/vendor/laravel/framework/src/Illuminate/Database/Eloquent/Builder.php(793): Illuminate\\Database\\Eloquent\\Builder->getModels()
#18 /home/mehdiz-duo/Downloads/TripVendor v1.0/project/vendor/laravel/framework/src/Illuminate/Database/Concerns/BuildsQueries.php(343): Illuminate\\Database\\Eloquent\\Builder->get()
#19 /home/mehdiz-duo/Downloads/TripVendor v1.0/project/routes/web.php(70): Illuminate\\Database\\Eloquent\\Builder->first()
#20 /home/mehdiz-duo/Downloads/TripVendor v1.0/project/vendor/laravel/framework/src/Illuminate/Routing/CallableDispatcher.php(40): Illuminate\\Routing\\RouteFileRegistrar->{closure}()
#21 /home/mehdiz-duo/Downloads/TripVendor v1.0/project/vendor/laravel/framework/src/Illuminate/Routing/Route.php(244): Illuminate\\Routing\\CallableDispatcher->dispatch()
#22 /home/mehdiz-duo/Downloads/TripVendor v1.0/project/vendor/laravel/framework/src/Illuminate/Routing/Route.php(215): Illuminate\\Routing\\Route->runCallable()
#23 /home/mehdiz-duo/Downloads/TripVendor v1.0/project/vendor/laravel/framework/src/Illuminate/Routing/Router.php(808): Illuminate\\Routing\\Route->run()
#24 /home/mehdiz-duo/Downloads/TripVendor v1.0/project/vendor/laravel/framework/src/Illuminate/Pipeline/Pipeline.php(170): Illuminate\\Routing\\Router->Illuminate\\Routing\\{closure}()
#25 /home/mehdiz-duo/Downloads/TripVendor v1.0/project/app/Http/Middleware/Preview.php(40): Illuminate\\Pipeline\\Pipeline->Illuminate\\Pipeline\\{closure}()
#26 /home/mehdiz-duo/Downloads/TripVendor v1.0/project/vendor/laravel/framework/src/Illuminate/Pipeline/Pipeline.php(209): App\\Http\\Middleware\\Preview->handle()
#27 /home/mehdiz-duo/Downloads/TripVendor v1.0/project/app/Http/Middleware/ActivityByUser.php(39): Illuminate\\Pipeline\\Pipeline->Illuminate\\Pipeline\\{closure}()
#28 /home/mehdiz-duo/Downloads/TripVendor v1.0/project/vendor/laravel/framework/src/Illuminate/Pipeline/Pipeline.php(209): App\\Http\\Middleware\\ActivityByUser->handle()
#29 /home/mehdiz-duo/Downloads/TripVendor v1.0/project/app/Http/Middleware/Language.php(25): Illuminate\\Pipeline\\Pipeline->Illuminate\\Pipeline\\{closure}()
#30 /home/mehdiz-duo/Downloads/TripVendor v1.0/project/vendor/laravel/framework/src/Illuminate/Pipeline/Pipeline.php(209): App\\Http\\Middleware\\Language->handle()
#31 /home/mehdiz-duo/Downloads/TripVendor v1.0/project/app/Http/Middleware/ValidateRequestData.php(28): Illuminate\\Pipeline\\Pipeline->Illuminate\\Pipeline\\{closure}()
#32 /home/mehdiz-duo/Downloads/TripVendor v1.0/project/vendor/laravel/framework/src/Illuminate/Pipeline/Pipeline.php(209): App\\Http\\Middleware\\ValidateRequestData->handle()
#33 /home/mehdiz-duo/Downloads/TripVendor v1.0/project/vendor/laravel/framework/src/Illuminate/Routing/Middleware/SubstituteBindings.php(51): Illuminate\\Pipeline\\Pipeline->Illuminate\\Pipeline\\{closure}()
#34 /home/mehdiz-duo/Downloads/TripVendor v1.0/project/vendor/laravel/framework/src/Illuminate/Pipeline/Pipeline.php(209): Illuminate\\Routing\\Middleware\\SubstituteBindings->handle()
#35 /home/mehdiz-duo/Downloads/TripVendor v1.0/project/vendor/laravel/framework/src/Illuminate/Foundation/Http/Middleware/VerifyCsrfToken.php(88): Illuminate\\Pipeline\\Pipeline->Illuminate\\Pipeline\\{closure}()
#36 /home/mehdiz-duo/Downloads/TripVendor v1.0/project/vendor/laravel/framework/src/Illuminate/Pipeline/Pipeline.php(209): Illuminate\\Foundation\\Http\\Middleware\\VerifyCsrfToken->handle()
#37 /home/mehdiz-duo/Downloads/TripVendor v1.0/project/vendor/laravel/framework/src/Illuminate/View/Middleware/ShareErrorsFromSession.php(49): Illuminate\\Pipeline\\Pipeline->Illuminate\\Pipeline\\{closure}()
#38 /home/mehdiz-duo/Downloads/TripVendor v1.0/project/vendor/laravel/framework/src/Illuminate/Pipeline/Pipeline.php(209): Illuminate\\View\\Middleware\\ShareErrorsFromSession->handle()
#39 /home/mehdiz-duo/Downloads/TripVendor v1.0/project/vendor/laravel/framework/src/Illuminate/Session/Middleware/StartSession.php(121): Illuminate\\Pipeline\\Pipeline->Illuminate\\Pipeline\\{closure}()
#40 /home/mehdiz-duo/Downloads/TripVendor v1.0/project/vendor/laravel/framework/src/Illuminate/Session/Middleware/StartSession.php(64): Illuminate\\Session\\Middleware\\StartSession->handleStatefulRequest()
#41 /home/mehdiz-duo/Downloads/TripVendor v1.0/project/vendor/laravel/framework/src/Illuminate/Pipeline/Pipeline.php(209): Illuminate\\Session\\Middleware\\StartSession->handle()
#42 /home/mehdiz-duo/Downloads/TripVendor v1.0/project/vendor/laravel/framework/src/Illuminate/Cookie/Middleware/AddQueuedCookiesToResponse.php(37): Illuminate\\Pipeline\\Pipeline->Illuminate\\Pipeline\\{closure}()
#43 /home/mehdiz-duo/Downloads/TripVendor v1.0/project/vendor/laravel/framework/src/Illuminate/Pipeline/Pipeline.php(209): Illuminate\\Cookie\\Middleware\\AddQueuedCookiesToResponse->handle()
#44 /home/mehdiz-duo/Downloads/TripVendor v1.0/project/vendor/laravel/framework/src/Illuminate/Cookie/Middleware/EncryptCookies.php(75): Illuminate\\Pipeline\\Pipeline->Illuminate\\Pipeline\\{closure}()
#45 /home/mehdiz-duo/Downloads/TripVendor v1.0/project/vendor/laravel/framework/src/Illuminate/Pipeline/Pipeline.php(209): Illuminate\\Cookie\\Middleware\\EncryptCookies->handle()
#46 /home/mehdiz-duo/Downloads/TripVendor v1.0/project/vendor/laravel/framework/src/Illuminate/Pipeline/Pipeline.php(127): Illuminate\\Pipeline\\Pipeline->Illuminate\\Pipeline\\{closure}()
#47 /home/mehdiz-duo/Downloads/TripVendor v1.0/project/vendor/laravel/framework/src/Illuminate/Routing/Router.php(807): Illuminate\\Pipeline\\Pipeline->then()
#48 /home/mehdiz-duo/Downloads/TripVendor v1.0/project/vendor/laravel/framework/src/Illuminate/Routing/Router.php(786): Illuminate\\Routing\\Router->runRouteWithinStack()
#49 /home/mehdiz-duo/Downloads/TripVendor v1.0/project/vendor/laravel/framework/src/Illuminate/Routing/Router.php(750): Illuminate\\Routing\\Router->runRoute()
#50 /home/mehdiz-duo/Downloads/TripVendor v1.0/project/vendor/laravel/framework/src/Illuminate/Routing/Router.php(739): Illuminate\\Routing\\Router->dispatchToRoute()
#51 /home/mehdiz-duo/Downloads/TripVendor v1.0/project/vendor/laravel/framework/src/Illuminate/Foundation/Http/Kernel.php(201): Illuminate\\Routing\\Router->dispatch()
#52 /home/mehdiz-duo/Downloads/TripVendor v1.0/project/vendor/laravel/framework/src/Illuminate/Pipeline/Pipeline.php(170): Illuminate\\Foundation\\Http\\Kernel->Illuminate\\Foundation\\Http\\{closure}()
#53 /home/mehdiz-duo/Downloads/TripVendor v1.0/project/vendor/livewire/livewire/src/Features/SupportDisablingBackButtonCache/DisableBackButtonCacheMiddleware.php(19): Illuminate\\Pipeline\\Pipeline->Illuminate\\Pipeline\\{closure}()
#54 /home/mehdiz-duo/Downloads/TripVendor v1.0/project/vendor/laravel/framework/src/Illuminate/Pipeline/Pipeline.php(209): Livewire\\Features\\SupportDisablingBackButtonCache\\DisableBackButtonCacheMiddleware->handle()
#55 /home/mehdiz-duo/Downloads/TripVendor v1.0/project/vendor/laravel/framework/src/Illuminate/Foundation/Http/Middleware/TransformsRequest.php(21): Illuminate\\Pipeline\\Pipeline->Illuminate\\Pipeline\\{closure}()
#56 /home/mehdiz-duo/Downloads/TripVendor v1.0/project/vendor/laravel/framework/src/Illuminate/Foundation/Http/Middleware/ConvertEmptyStringsToNull.php(31): Illuminate\\Foundation\\Http\\Middleware\\TransformsRequest->handle()
#57 /home/mehdiz-duo/Downloads/TripVendor v1.0/project/vendor/laravel/framework/src/Illuminate/Pipeline/Pipeline.php(209): Illuminate\\Foundation\\Http\\Middleware\\ConvertEmptyStringsToNull->handle()
#58 /home/mehdiz-duo/Downloads/TripVendor v1.0/project/vendor/laravel/framework/src/Illuminate/Foundation/Http/Middleware/TransformsRequest.php(21): Illuminate\\Pipeline\\Pipeline->Illuminate\\Pipeline\\{closure}()
#59 /home/mehdiz-duo/Downloads/TripVendor v1.0/project/vendor/laravel/framework/src/Illuminate/Foundation/Http/Middleware/TrimStrings.php(51): Illuminate\\Foundation\\Http\\Middleware\\TransformsRequest->handle()
#60 /home/mehdiz-duo/Downloads/TripVendor v1.0/project/vendor/laravel/framework/src/Illuminate/Pipeline/Pipeline.php(209): Illuminate\\Foundation\\Http\\Middleware\\TrimStrings->handle()
#61 /home/mehdiz-duo/Downloads/TripVendor v1.0/project/vendor/laravel/framework/src/Illuminate/Http/Middleware/ValidatePostSize.php(27): Illuminate\\Pipeline\\Pipeline->Illuminate\\Pipeline\\{closure}()
#62 /home/mehdiz-duo/Downloads/TripVendor v1.0/project/vendor/laravel/framework/src/Illuminate/Pipeline/Pipeline.php(209): Illuminate\\Http\\Middleware\\ValidatePostSize->handle()
#63 /home/mehdiz-duo/Downloads/TripVendor v1.0/project/vendor/laravel/framework/src/Illuminate/Foundation/Http/Middleware/PreventRequestsDuringMaintenance.php(110): Illuminate\\Pipeline\\Pipeline->Illuminate\\Pipeline\\{closure}()
#64 /home/mehdiz-duo/Downloads/TripVendor v1.0/project/vendor/laravel/framework/src/Illuminate/Pipeline/Pipeline.php(209): Illuminate\\Foundation\\Http\\Middleware\\PreventRequestsDuringMaintenance->handle()
#65 /home/mehdiz-duo/Downloads/TripVendor v1.0/project/vendor/laravel/framework/src/Illuminate/Http/Middleware/HandleCors.php(49): Illuminate\\Pipeline\\Pipeline->Illuminate\\Pipeline\\{closure}()
#66 /home/mehdiz-duo/Downloads/TripVendor v1.0/project/vendor/laravel/framework/src/Illuminate/Pipeline/Pipeline.php(209): Illuminate\\Http\\Middleware\\HandleCors->handle()
#67 /home/mehdiz-duo/Downloads/TripVendor v1.0/project/vendor/laravel/framework/src/Illuminate/Http/Middleware/TrustProxies.php(58): Illuminate\\Pipeline\\Pipeline->Illuminate\\Pipeline\\{closure}()
#68 /home/mehdiz-duo/Downloads/TripVendor v1.0/project/vendor/laravel/framework/src/Illuminate/Pipeline/Pipeline.php(209): Illuminate\\Http\\Middleware\\TrustProxies->handle()
#69 /home/mehdiz-duo/Downloads/TripVendor v1.0/project/vendor/laravel/framework/src/Illuminate/Pipeline/Pipeline.php(127): Illuminate\\Pipeline\\Pipeline->Illuminate\\Pipeline\\{closure}()
#70 /home/mehdiz-duo/Downloads/TripVendor v1.0/project/vendor/laravel/framework/src/Illuminate/Foundation/Http/Kernel.php(176): Illuminate\\Pipeline\\Pipeline->then()
#71 /home/mehdiz-duo/Downloads/TripVendor v1.0/project/vendor/laravel/framework/src/Illuminate/Foundation/Http/Kernel.php(145): Illuminate\\Foundation\\Http\\Kernel->sendRequestThroughRouter()
#72 /home/mehdiz-duo/Downloads/TripVendor v1.0/project/public/index.php(51): Illuminate\\Foundation\\Http\\Kernel->handle()
#73 /home/mehdiz-duo/Downloads/TripVendor v1.0/project/vendor/laravel/framework/src/Illuminate/Foundation/resources/server.php(23): require_once('...')
#74 {main}
"} 
[2025-11-14 13:03:20] local.ERROR: Undefined array key "country" {"exception":"[object] (ErrorException(code: 0): Undefined array key \"country\" at /home/mehdiz-duo/Downloads/TripVendor v1.0/project/app/Http/Controllers/Auth/RegisterController.php:148)
[stacktrace]
#0 /home/mehdiz-duo/Downloads/TripVendor v1.0/project/vendor/laravel/framework/src/Illuminate/Foundation/Bootstrap/HandleExceptions.php(258): Illuminate\\Foundation\\Bootstrap\\HandleExceptions->handleError()
#1 /home/mehdiz-duo/Downloads/TripVendor v1.0/project/app/Http/Controllers/Auth/RegisterController.php(148): Illuminate\\Foundation\\Bootstrap\\HandleExceptions->Illuminate\\Foundation\\Bootstrap\\{closure}()
#2 /home/mehdiz-duo/Downloads/TripVendor v1.0/project/app/Http/Controllers/Auth/RegisterController.php(162): App\\Http\\Controllers\\Auth\\RegisterController->create()
#3 /home/mehdiz-duo/Downloads/TripVendor v1.0/project/vendor/laravel/framework/src/Illuminate/Routing/Controller.php(54): App\\Http\\Controllers\\Auth\\RegisterController->register()
#4 /home/mehdiz-duo/Downloads/TripVendor v1.0/project/vendor/laravel/framework/src/Illuminate/Routing/ControllerDispatcher.php(44): Illuminate\\Routing\\Controller->callAction()
#5 /home/mehdiz-duo/Downloads/TripVendor v1.0/project/vendor/laravel/framework/src/Illuminate/Routing/Route.php(266): Illuminate\\Routing\\ControllerDispatcher->dispatch()
#6 /home/mehdiz-duo/Downloads/TripVendor v1.0/project/vendor/laravel/framework/src/Illuminate/Routing/Route.php(212): Illuminate\\Routing\\Route->runController()
#7 /home/mehdiz-duo/Downloads/TripVendor v1.0/project/vendor/laravel/framework/src/Illuminate/Routing/Router.php(808): Illuminate\\Routing\\Route->run()
#8 /home/mehdiz-duo/Downloads/TripVendor v1.0/project/vendor/laravel/framework/src/Illuminate/Pipeline/Pipeline.php(170): Illuminate\\Routing\\Router->Illuminate\\Routing\\{closure}()
#9 /home/mehdiz-duo/Downloads/TripVendor v1.0/project/app/Http/Middleware/RedirectIfAuthenticated.php(30): Illuminate\\Pipeline\\Pipeline->Illuminate\\Pipeline\\{closure}()
#10 /home/mehdiz-duo/Downloads/TripVendor v1.0/project/vendor/laravel/framework/src/Illuminate/Pipeline/Pipeline.php(209): App\\Http\\Middleware\\RedirectIfAuthenticated->handle()
#11 /home/mehdiz-duo/Downloads/TripVendor v1.0/project/app/Http/Middleware/MaintenanceMode.php(21): Illuminate\\Pipeline\\Pipeline->Illuminate\\Pipeline\\{closure}()
#12 /home/mehdiz-duo/Downloads/TripVendor v1.0/project/vendor/laravel/framework/src/Illuminate/Pipeline/Pipeline.php(209): App\\Http\\Middleware\\MaintenanceMode->handle()
#13 /home/mehdiz-duo/Downloads/TripVendor v1.0/project/app/Http/Middleware/Preview.php(40): Illuminate\\Pipeline\\Pipeline->Illuminate\\Pipeline\\{closure}()
#14 /home/mehdiz-duo/Downloads/TripVendor v1.0/project/vendor/laravel/framework/src/Illuminate/Pipeline/Pipeline.php(209): App\\Http\\Middleware\\Preview->handle()
#15 /home/mehdiz-duo/Downloads/TripVendor v1.0/project/app/Http/Middleware/ActivityByUser.php(39): Illuminate\\Pipeline\\Pipeline->Illuminate\\Pipeline\\{closure}()
#16 /home/mehdiz-duo/Downloads/TripVendor v1.0/project/vendor/laravel/framework/src/Illuminate/Pipeline/Pipeline.php(209): App\\Http\\Middleware\\ActivityByUser->handle()
#17 /home/mehdiz-duo/Downloads/TripVendor v1.0/project/app/Http/Middleware/Language.php(25): Illuminate\\Pipeline\\Pipeline->Illuminate\\Pipeline\\{closure}()
#18 /home/mehdiz-duo/Downloads/TripVendor v1.0/project/vendor/laravel/framework/src/Illuminate/Pipeline/Pipeline.php(209): App\\Http\\Middleware\\Language->handle()
#19 /home/mehdiz-duo/Downloads/TripVendor v1.0/project/app/Http/Middleware/ValidateRequestData.php(28): Illuminate\\Pipeline\\Pipeline->Illuminate\\Pipeline\\{closure}()
#20 /home/mehdiz-duo/Downloads/TripVendor v1.0/project/vendor/laravel/framework/src/Illuminate/Pipeline/Pipeline.php(209): App\\Http\\Middleware\\ValidateRequestData->handle()
#21 /home/mehdiz-duo/Downloads/TripVendor v1.0/project/vendor/laravel/framework/src/Illuminate/Routing/Middleware/SubstituteBindings.php(51): Illuminate\\Pipeline\\Pipeline->Illuminate\\Pipeline\\{closure}()
#22 /home/mehdiz-duo/Downloads/TripVendor v1.0/project/vendor/laravel/framework/src/Illuminate/Pipeline/Pipeline.php(209): Illuminate\\Routing\\Middleware\\SubstituteBindings->handle()
#23 /home/mehdiz-duo/Downloads/TripVendor v1.0/project/vendor/laravel/framework/src/Illuminate/Foundation/Http/Middleware/VerifyCsrfToken.php(88): Illuminate\\Pipeline\\Pipeline->Illuminate\\Pipeline\\{closure}()
#24 /home/mehdiz-duo/Downloads/TripVendor v1.0/project/vendor/laravel/framework/src/Illuminate/Pipeline/Pipeline.php(209): Illuminate\\Foundation\\Http\\Middleware\\VerifyCsrfToken->handle()
#25 /home/mehdiz-duo/Downloads/TripVendor v1.0/project/vendor/laravel/framework/src/Illuminate/View/Middleware/ShareErrorsFromSession.php(49): Illuminate\\Pipeline\\Pipeline->Illuminate\\Pipeline\\{closure}()
#26 /home/mehdiz-duo/Downloads/TripVendor v1.0/project/vendor/laravel/framework/src/Illuminate/Pipeline/Pipeline.php(209): Illuminate\\View\\Middleware\\ShareErrorsFromSession->handle()
#27 /home/mehdiz-duo/Downloads/TripVendor v1.0/project/vendor/laravel/framework/src/Illuminate/Session/Middleware/StartSession.php(121): Illuminate\\Pipeline\\Pipeline->Illuminate\\Pipeline\\{closure}()
#28 /home/mehdiz-duo/Downloads/TripVendor v1.0/project/vendor/laravel/framework/src/Illuminate/Session/Middleware/StartSession.php(64): Illuminate\\Session\\Middleware\\StartSession->handleStatefulRequest()
#29 /home/mehdiz-duo/Downloads/TripVendor v1.0/project/vendor/laravel/framework/src/Illuminate/Pipeline/Pipeline.php(209): Illuminate\\Session\\Middleware\\StartSession->handle()
#30 /home/mehdiz-duo/Downloads/TripVendor v1.0/project/vendor/laravel/framework/src/Illuminate/Cookie/Middleware/AddQueuedCookiesToResponse.php(37): Illuminate\\Pipeline\\Pipeline->Illuminate\\Pipeline\\{closure}()
#31 /home/mehdiz-duo/Downloads/TripVendor v1.0/project/vendor/laravel/framework/src/Illuminate/Pipeline/Pipeline.php(209): Illuminate\\Cookie\\Middleware\\AddQueuedCookiesToResponse->handle()
#32 /home/mehdiz-duo/Downloads/TripVendor v1.0/project/vendor/laravel/framework/src/Illuminate/Cookie/Middleware/EncryptCookies.php(75): Illuminate\\Pipeline\\Pipeline->Illuminate\\Pipeline\\{closure}()
#33 /home/mehdiz-duo/Downloads/TripVendor v1.0/project/vendor/laravel/framework/src/Illuminate/Pipeline/Pipeline.php(209): Illuminate\\Cookie\\Middleware\\EncryptCookies->handle()
#34 /home/mehdiz-duo/Downloads/TripVendor v1.0/project/vendor/laravel/framework/src/Illuminate/Pipeline/Pipeline.php(127): Illuminate\\Pipeline\\Pipeline->Illuminate\\Pipeline\\{closure}()
#35 /home/mehdiz-duo/Downloads/TripVendor v1.0/project/vendor/laravel/framework/src/Illuminate/Routing/Router.php(807): Illuminate\\Pipeline\\Pipeline->then()
#36 /home/mehdiz-duo/Downloads/TripVendor v1.0/project/vendor/laravel/framework/src/Illuminate/Routing/Router.php(786): Illuminate\\Routing\\Router->runRouteWithinStack()
#37 /home/mehdiz-duo/Downloads/TripVendor v1.0/project/vendor/laravel/framework/src/Illuminate/Routing/Router.php(750): Illuminate\\Routing\\Router->runRoute()
#38 /home/mehdiz-duo/Downloads/TripVendor v1.0/project/vendor/laravel/framework/src/Illuminate/Routing/Router.php(739): Illuminate\\Routing\\Router->dispatchToRoute()
#39 /home/mehdiz-duo/Downloads/TripVendor v1.0/project/vendor/laravel/framework/src/Illuminate/Foundation/Http/Kernel.php(201): Illuminate\\Routing\\Router->dispatch()
#40 /home/mehdiz-duo/Downloads/TripVendor v1.0/project/vendor/laravel/framework/src/Illuminate/Pipeline/Pipeline.php(170): Illuminate\\Foundation\\Http\\Kernel->Illuminate\\Foundation\\Http\\{closure}()
#41 /home/mehdiz-duo/Downloads/TripVendor v1.0/project/vendor/livewire/livewire/src/Features/SupportDisablingBackButtonCache/DisableBackButtonCacheMiddleware.php(19): Illuminate\\Pipeline\\Pipeline->Illuminate\\Pipeline\\{closure}()
#42 /home/mehdiz-duo/Downloads/TripVendor v1.0/project/vendor/laravel/framework/src/Illuminate/Pipeline/Pipeline.php(209): Livewire\\Features\\SupportDisablingBackButtonCache\\DisableBackButtonCacheMiddleware->handle()
#43 /home/mehdiz-duo/Downloads/TripVendor v1.0/project/vendor/laravel/framework/src/Illuminate/Foundation/Http/Middleware/TransformsRequest.php(21): Illuminate\\Pipeline\\Pipeline->Illuminate\\Pipeline\\{closure}()
#44 /home/mehdiz-duo/Downloads/TripVendor v1.0/project/vendor/laravel/framework/src/Illuminate/Foundation/Http/Middleware/ConvertEmptyStringsToNull.php(31): Illuminate\\Foundation\\Http\\Middleware\\TransformsRequest->handle()
#45 /home/mehdiz-duo/Downloads/TripVendor v1.0/project/vendor/laravel/framework/src/Illuminate/Pipeline/Pipeline.php(209): Illuminate\\Foundation\\Http\\Middleware\\ConvertEmptyStringsToNull->handle()
#46 /home/mehdiz-duo/Downloads/TripVendor v1.0/project/vendor/laravel/framework/src/Illuminate/Foundation/Http/Middleware/TransformsRequest.php(21): Illuminate\\Pipeline\\Pipeline->Illuminate\\Pipeline\\{closure}()
#47 /home/mehdiz-duo/Downloads/TripVendor v1.0/project/vendor/laravel/framework/src/Illuminate/Foundation/Http/Middleware/TrimStrings.php(51): Illuminate\\Foundation\\Http\\Middleware\\TransformsRequest->handle()
#48 /home/mehdiz-duo/Downloads/TripVendor v1.0/project/vendor/laravel/framework/src/Illuminate/Pipeline/Pipeline.php(209): Illuminate\\Foundation\\Http\\Middleware\\TrimStrings->handle()
#49 /home/mehdiz-duo/Downloads/TripVendor v1.0/project/vendor/laravel/framework/src/Illuminate/Http/Middleware/ValidatePostSize.php(27): Illuminate\\Pipeline\\Pipeline->Illuminate\\Pipeline\\{closure}()
#50 /home/mehdiz-duo/Downloads/TripVendor v1.0/project/vendor/laravel/framework/src/Illuminate/Pipeline/Pipeline.php(209): Illuminate\\Http\\Middleware\\ValidatePostSize->handle()
#51 /home/mehdiz-duo/Downloads/TripVendor v1.0/project/vendor/laravel/framework/src/Illuminate/Foundation/Http/Middleware/PreventRequestsDuringMaintenance.php(110): Illuminate\\Pipeline\\Pipeline->Illuminate\\Pipeline\\{closure}()
#52 /home/mehdiz-duo/Downloads/TripVendor v1.0/project/vendor/laravel/framework/src/Illuminate/Pipeline/Pipeline.php(209): Illuminate\\Foundation\\Http\\Middleware\\PreventRequestsDuringMaintenance->handle()
#53 /home/mehdiz-duo/Downloads/TripVendor v1.0/project/vendor/laravel/framework/src/Illuminate/Http/Middleware/HandleCors.php(49): Illuminate\\Pipeline\\Pipeline->Illuminate\\Pipeline\\{closure}()
#54 /home/mehdiz-duo/Downloads/TripVendor v1.0/project/vendor/laravel/framework/src/Illuminate/Pipeline/Pipeline.php(209): Illuminate\\Http\\Middleware\\HandleCors->handle()
#55 /home/mehdiz-duo/Downloads/TripVendor v1.0/project/vendor/laravel/framework/src/Illuminate/Http/Middleware/TrustProxies.php(58): Illuminate\\Pipeline\\Pipeline->Illuminate\\Pipeline\\{closure}()
#56 /home/mehdiz-duo/Downloads/TripVendor v1.0/project/vendor/laravel/framework/src/Illuminate/Pipeline/Pipeline.php(209): Illuminate\\Http\\Middleware\\TrustProxies->handle()
#57 /home/mehdiz-duo/Downloads/TripVendor v1.0/project/vendor/laravel/framework/src/Illuminate/Pipeline/Pipeline.php(127): Illuminate\\Pipeline\\Pipeline->Illuminate\\Pipeline\\{closure}()
#58 /home/mehdiz-duo/Downloads/TripVendor v1.0/project/vendor/laravel/framework/src/Illuminate/Foundation/Http/Kernel.php(176): Illuminate\\Pipeline\\Pipeline->then()
#59 /home/mehdiz-duo/Downloads/TripVendor v1.0/project/vendor/laravel/framework/src/Illuminate/Foundation/Http/Kernel.php(145): Illuminate\\Foundation\\Http\\Kernel->sendRequestThroughRouter()
#60 /home/mehdiz-duo/Downloads/TripVendor v1.0/project/public/index.php(51): Illuminate\\Foundation\\Http\\Kernel->handle()
#61 /home/mehdiz-duo/Downloads/TripVendor v1.0/project/vendor/laravel/framework/src/Illuminate/Foundation/resources/server.php(23): require_once('...')
#62 {main}
"} 
cli-write-test\nwww-data-write-test\n[2025-11-14 21:39:31] local.ERROR: Unable to prepare route [admin/currency-exchange-api-config] for serialization. Another route has already been assigned name [admin.currency.exchange.api.config]. {"exception":"[object] (LogicException(code: 0): Unable to prepare route [admin/currency-exchange-api-config] for serialization. Another route has already been assigned name [admin.currency.exchange.api.config]. at /home/mehdiz-duo/Downloads/TripVendor v1.0/project/vendor/laravel/framework/src/Illuminate/Routing/AbstractRouteCollection.php:248)
[stacktrace]
#0 /home/mehdiz-duo/Downloads/TripVendor v1.0/project/vendor/laravel/framework/src/Illuminate/Routing/AbstractRouteCollection.php(209): Illuminate\\Routing\\AbstractRouteCollection->addToSymfonyRoutesCollection()
#1 /home/mehdiz-duo/Downloads/TripVendor v1.0/project/vendor/laravel/framework/src/Illuminate/Routing/RouteCollection.php(246): Illuminate\\Routing\\AbstractRouteCollection->toSymfonyRouteCollection()
#2 /home/mehdiz-duo/Downloads/TripVendor v1.0/project/vendor/laravel/framework/src/Illuminate/Routing/AbstractRouteCollection.php(193): Illuminate\\Routing\\RouteCollection->toSymfonyRouteCollection()
#3 /home/mehdiz-duo/Downloads/TripVendor v1.0/project/vendor/laravel/framework/src/Illuminate/Routing/AbstractRouteCollection.php(164): Illuminate\\Routing\\AbstractRouteCollection->dumper()
#4 /home/mehdiz-duo/Downloads/TripVendor v1.0/project/vendor/laravel/framework/src/Illuminate/Foundation/Console/RouteCacheCommand.php(109): Illuminate\\Routing\\AbstractRouteCollection->compile()
#5 /home/mehdiz-duo/Downloads/TripVendor v1.0/project/vendor/laravel/framework/src/Illuminate/Foundation/Console/RouteCacheCommand.php(68): Illuminate\\Foundation\\Console\\RouteCacheCommand->buildRouteCacheFile()
#6 /home/mehdiz-duo/Downloads/TripVendor v1.0/project/vendor/laravel/framework/src/Illuminate/Container/BoundMethod.php(36): Illuminate\\Foundation\\Console\\RouteCacheCommand->handle()
#7 /home/mehdiz-duo/Downloads/TripVendor v1.0/project/vendor/laravel/framework/src/Illuminate/Container/Util.php(43): Illuminate\\Container\\BoundMethod::Illuminate\\Container\\{closure}()
#8 /home/mehdiz-duo/Downloads/TripVendor v1.0/project/vendor/laravel/framework/src/Illuminate/Container/BoundMethod.php(95): Illuminate\\Container\\Util::unwrapIfClosure()
#9 /home/mehdiz-duo/Downloads/TripVendor v1.0/project/vendor/laravel/framework/src/Illuminate/Container/BoundMethod.php(35): Illuminate\\Container\\BoundMethod::callBoundMethod()
#10 /home/mehdiz-duo/Downloads/TripVendor v1.0/project/vendor/laravel/framework/src/Illuminate/Container/Container.php(696): Illuminate\\Container\\BoundMethod::call()
#11 /home/mehdiz-duo/Downloads/TripVendor v1.0/project/vendor/laravel/framework/src/Illuminate/Console/Command.php(213): Illuminate\\Container\\Container->call()
#12 /home/mehdiz-duo/Downloads/TripVendor v1.0/project/vendor/symfony/console/Command/Command.php(318): Illuminate\\Console\\Command->execute()
#13 /home/mehdiz-duo/Downloads/TripVendor v1.0/project/vendor/laravel/framework/src/Illuminate/Console/Command.php(182): Symfony\\Component\\Console\\Command\\Command->run()
#14 /home/mehdiz-duo/Downloads/TripVendor v1.0/project/vendor/symfony/console/Application.php(1073): Illuminate\\Console\\Command->run()
#15 /home/mehdiz-duo/Downloads/TripVendor v1.0/project/vendor/symfony/console/Application.php(356): Symfony\\Component\\Console\\Application->doRunCommand()
#16 /home/mehdiz-duo/Downloads/TripVendor v1.0/project/vendor/symfony/console/Application.php(195): Symfony\\Component\\Console\\Application->doRun()
#17 /home/mehdiz-duo/Downloads/TripVendor v1.0/project/vendor/laravel/framework/src/Illuminate/Foundation/Console/Kernel.php(198): Symfony\\Component\\Console\\Application->run()
#18 /home/mehdiz-duo/Downloads/TripVendor v1.0/project/artisan(35): Illuminate\\Foundation\\Console\\Kernel->handle()
#19 {main}
"} 
